# JRE version: OpenJDK Runtime Environment Temurin-21.0.9+10 (21.0.9+10) (build 21.0.9+10-LTS)
# Java VM: OpenJDK 64-Bit Server VM Temurin-21.0.9+10 (21.0.9+10-LTS, mixed mode, sharing, tiered, compressed oops, compressed class ptrs, parallel gc, windows-amd64)
GC Precious Log:
 CardTable entry size: 512
 CPUs: 8 total, 8 available
 Memory: 16075M
 Large Page Support: Disabled
 NUMA Support: Disabled
 Compressed Oops: Enabled (32-bit)
 Alignments: Space 512K, Generation 512K, Heap 2M
 Heap Min Capacity: 100M
 Heap Initial Capacity: 100M
 Heap Max Capacity: 2G
 Pre-touch: Disabled
 Parallel Workers: 8
Heap:
 PSYoungGen      total 13312K, used 13229K [0x00000000d5580000, 0x00000000d6500000, 0x0000000100000000)
  eden space 11264K, 100% used [0x00000000d5580000,0x00000000d6080000,0x00000000d6080000)
  from space 2048K, 95% used [0x00000000d6300000,0x00000000d64eb690,0x00000000d6500000)
  to   space 2048K, 60% used [0x00000000d6100000,0x00000000d6238000,0x00000000d6300000)
 ParOldGen       total 108544K, used 108541K [0x0000000080000000, 0x0000000086a00000, 0x00000000d5580000)
  object space 108544K, 99% used [0x0000000080000000,0x00000000869ff7c0,0x0000000086a00000)
 Metaspace       used 68284K, committed 69824K, reserved 1114112K
  class space    used 7870K, committed 8512K, reserved 1048576K
GC Heap History (20 events):
Event: 9.920 GC heap before
{Heap before GC invocations=54 (full 3):
 PSYoungGen      total 19456K, used 19163K [0x00000000d5580000, 0x00000000d6c80000, 0x0000000100000000)
  eden space 16384K, 100% used [0x00000000d5580000,0x00000000d6580000,0x00000000d6580000)
  from space 3072K, 90% used [0x00000000d6980000,0x00000000d6c36c88,0x00000000d6c80000)
  to   space 3072K, 0% used [0x00000000d6580000,0x00000000d6580000,0x00000000d6880000)
 ParOldGen       total 82944K, used 82905K [0x0000000080000000, 0x0000000085100000, 0x00000000d5580000)
  object space 82944K, 99% used [0x0000000080000000,0x00000000850f6638,0x0000000085100000)
 Metaspace       used 66951K, committed 68544K, reserved 1114112K
  class space    used 7754K, committed 8384K, reserved 1048576K
}
Event: 9.925 GC heap after
{Heap after GC invocations=54 (full 3):
 PSYoungGen      total 19456K, used 2674K [0x00000000d5580000, 0x00000000d6b80000, 0x0000000100000000)
  eden space 16384K, 0% used [0x00000000d5580000,0x00000000d5580000,0x00000000d6580000)
  from space 3072K, 87% used [0x00000000d6580000,0x00000000d681c860,0x00000000d6880000)
  to   space 3072K, 0% used [0x00000000d6880000,0x00000000d6880000,0x00000000d6b80000)
 ParOldGen       total 86016K, used 85515K [0x0000000080000000, 0x0000000085400000, 0x00000000d5580000)
  object space 86016K, 99% used [0x0000000080000000,0x0000000085382e90,0x0000000085400000)
 Metaspace       used 66951K, committed 68544K, reserved 1114112K
  class space    used 7754K, committed 8384K, reserved 1048576K
}
Event: 10.052 GC heap before
{Heap before GC invocations=55 (full 3):
 PSYoungGen      total 19456K, used 19058K [0x00000000d5580000, 0x00000000d6b80000, 0x0000000100000000)
  eden space 16384K, 100% used [0x00000000d5580000,0x00000000d6580000,0x00000000d6580000)
  from space 3072K, 87% used [0x00000000d6580000,0x00000000d681c860,0x00000000d6880000)
  to   space 3072K, 0% used [0x00000000d6880000,0x00000000d6880000,0x00000000d6b80000)
 ParOldGen       total 86016K, used 85515K [0x0000000080000000, 0x0000000085400000, 0x00000000d5580000)
  object space 86016K, 99% used [0x0000000080000000,0x0000000085382e90,0x0000000085400000)
 Metaspace       used 67012K, committed 68544K, reserved 1114112K
  class space    used 7756K, committed 8384K, reserved 1048576K
}
Event: 10.058 GC heap after
{Heap after GC invocations=55 (full 3):
 PSYoungGen      total 15360K, used 3043K [0x00000000d5580000, 0x00000000d7380000, 0x0000000100000000)
  eden space 12288K, 0% used [0x00000000d5580000,0x00000000d5580000,0x00000000d6180000)
  from space 3072K, 99% used [0x00000000d6880000,0x00000000d6b78c50,0x00000000d6b80000)
  to   space 7168K, 0% used [0x00000000d6180000,0x00000000d6180000,0x00000000d6880000)
 ParOldGen       total 89088K, used 88877K [0x0000000080000000, 0x0000000085700000, 0x00000000d5580000)
  object space 89088K, 99% used [0x0000000080000000,0x00000000856cb5b0,0x0000000085700000)
 Metaspace       used 67012K, committed 68544K, reserved 1114112K
  class space    used 7756K, committed 8384K, reserved 1048576K
}
Event: 11.128 GC heap before
{Heap before GC invocations=56 (full 3):
 PSYoungGen      total 15360K, used 15331K [0x00000000d5580000, 0x00000000d7380000, 0x0000000100000000)
  eden space 12288K, 100% used [0x00000000d5580000,0x00000000d6180000,0x00000000d6180000)
  from space 3072K, 99% used [0x00000000d6880000,0x00000000d6b78c50,0x00000000d6b80000)
  to   space 7168K, 0% used [0x00000000d6180000,0x00000000d6180000,0x00000000d6880000)
 ParOldGen       total 90112K, used 89608K [0x0000000080000000, 0x0000000085800000, 0x00000000d5580000)
  object space 90112K, 99% used [0x0000000080000000,0x00000000857821d8,0x0000000085800000)
 Metaspace       used 67038K, committed 68544K, reserved 1114112K
  class space    used 7756K, committed 8384K, reserved 1048576K
}
Event: 11.131 GC heap after
{Heap after GC invocations=56 (full 3):
 PSYoungGen      total 14848K, used 2363K [0x00000000d5580000, 0x00000000d6980000, 0x0000000100000000)
  eden space 12288K, 0% used [0x00000000d5580000,0x00000000d5580000,0x00000000d6180000)
  from space 2560K, 92% used [0x00000000d6180000,0x00000000d63cede0,0x00000000d6400000)
  to   space 4096K, 0% used [0x00000000d6580000,0x00000000d6580000,0x00000000d6980000)
 ParOldGen       total 92672K, used 92539K [0x0000000080000000, 0x0000000085a80000, 0x00000000d5580000)
  object space 92672K, 99% used [0x0000000080000000,0x0000000085a5ed20,0x0000000085a80000)
 Metaspace       used 67038K, committed 68544K, reserved 1114112K
  class space    used 7756K, committed 8384K, reserved 1048576K
}
Event: 11.169 GC heap before
{Heap before GC invocations=57 (full 3):
 PSYoungGen      total 14848K, used 14620K [0x00000000d5580000, 0x00000000d6980000, 0x0000000100000000)
  eden space 12288K, 99% used [0x00000000d5580000,0x00000000d61783c0,0x00000000d6180000)
  from space 2560K, 92% used [0x00000000d6180000,0x00000000d63cede0,0x00000000d6400000)
  to   space 4096K, 0% used [0x00000000d6580000,0x00000000d6580000,0x00000000d6980000)
 ParOldGen       total 92672K, used 92539K [0x0000000080000000, 0x0000000085a80000, 0x00000000d5580000)
  object space 92672K, 99% used [0x0000000080000000,0x0000000085a5ed20,0x0000000085a80000)
 Metaspace       used 67264K, committed 68800K, reserved 1114112K
  class space    used 7776K, committed 8448K, reserved 1048576K
}
Event: 11.172 GC heap after
{Heap after GC invocations=57 (full 3):
 PSYoungGen      total 15360K, used 2604K [0x00000000d5580000, 0x00000000d6880000, 0x0000000100000000)
  eden space 12288K, 0% used [0x00000000d5580000,0x00000000d5580000,0x00000000d6180000)
  from space 3072K, 84% used [0x00000000d6580000,0x00000000d680b150,0x00000000d6880000)
  to   space 3072K, 0% used [0x00000000d6280000,0x00000000d6280000,0x00000000d6580000)
 ParOldGen       total 95232K, used 94723K [0x0000000080000000, 0x0000000085d00000, 0x00000000d5580000)
  object space 95232K, 99% used [0x0000000080000000,0x0000000085c80d60,0x0000000085d00000)
 Metaspace       used 67264K, committed 68800K, reserved 1114112K
  class space    used 7776K, committed 8448K, reserved 1048576K
}
Event: 11.210 GC heap before
{Heap before GC invocations=58 (full 3):
 PSYoungGen      total 15360K, used 14892K [0x00000000d5580000, 0x00000000d6880000, 0x0000000100000000)
  eden space 12288K, 100% used [0x00000000d5580000,0x00000000d6180000,0x00000000d6180000)
  from space 3072K, 84% used [0x00000000d6580000,0x00000000d680b150,0x00000000d6880000)
  to   space 3072K, 0% used [0x00000000d6280000,0x00000000d6280000,0x00000000d6580000)
 ParOldGen       total 95232K, used 94723K [0x0000000080000000, 0x0000000085d00000, 0x00000000d5580000)
  object space 95232K, 99% used [0x0000000080000000,0x0000000085c80d60,0x0000000085d00000)
 Metaspace       used 67512K, committed 69056K, reserved 1114112K
  class space    used 7790K, committed 8448K, reserved 1048576K
}
Event: 11.212 GC heap after
{Heap after GC invocations=58 (full 3):
 PSYoungGen      total 15360K, used 2645K [0x00000000d5580000, 0x00000000d6780000, 0x0000000100000000)
  eden space 12288K, 0% used [0x00000000d5580000,0x00000000d5580000,0x00000000d6180000)
  from space 3072K, 86% used [0x00000000d6280000,0x00000000d6515720,0x00000000d6580000)
  to   space 2048K, 0% used [0x00000000d6580000,0x00000000d6580000,0x00000000d6780000)
 ParOldGen       total 97280K, used 97126K [0x0000000080000000, 0x0000000085f00000, 0x00000000d5580000)
  object space 97280K, 99% used [0x0000000080000000,0x0000000085ed9850,0x0000000085f00000)
 Metaspace       used 67512K, committed 69056K, reserved 1114112K
  class space    used 7790K, committed 8448K, reserved 1048576K
}
Event: 11.252 GC heap before
{Heap before GC invocations=59 (full 3):
 PSYoungGen      total 15360K, used 14933K [0x00000000d5580000, 0x00000000d6780000, 0x0000000100000000)
  eden space 12288K, 100% used [0x00000000d5580000,0x00000000d6180000,0x00000000d6180000)
  from space 3072K, 86% used [0x00000000d6280000,0x00000000d6515720,0x00000000d6580000)
  to   space 2048K, 0% used [0x00000000d6580000,0x00000000d6580000,0x00000000d6780000)
 ParOldGen       total 97280K, used 97126K [0x0000000080000000, 0x0000000085f00000, 0x00000000d5580000)
  object space 97280K, 99% used [0x0000000080000000,0x0000000085ed9850,0x0000000085f00000)
 Metaspace       used 67561K, committed 69056K, reserved 1114112K
  class space    used 7793K, committed 8448K, reserved 1048576K
}
Event: 11.254 GC heap after
{Heap after GC invocations=59 (full 3):
 PSYoungGen      total 13312K, used 2038K [0x00000000d5580000, 0x00000000d6b80000, 0x0000000100000000)
  eden space 11264K, 0% used [0x00000000d5580000,0x00000000d5580000,0x00000000d6080000)
  from space 2048K, 99% used [0x00000000d6580000,0x00000000d677d9a0,0x00000000d6780000)
  to   space 5120K, 0% used [0x00000000d6080000,0x00000000d6080000,0x00000000d6580000)
 ParOldGen       total 99840K, used 99826K [0x0000000080000000, 0x0000000086180000, 0x00000000d5580000)
  object space 99840K, 99% used [0x0000000080000000,0x000000008617c888,0x0000000086180000)
 Metaspace       used 67561K, committed 69056K, reserved 1114112K
  class space    used 7793K, committed 8448K, reserved 1048576K
}
Event: 11.288 GC heap before
{Heap before GC invocations=60 (full 3):
 PSYoungGen      total 13312K, used 13302K [0x00000000d5580000, 0x00000000d6b80000, 0x0000000100000000)
  eden space 11264K, 100% used [0x00000000d5580000,0x00000000d6080000,0x00000000d6080000)
  from space 2048K, 99% used [0x00000000d6580000,0x00000000d677d9a0,0x00000000d6780000)
  to   space 5120K, 0% used [0x00000000d6080000,0x00000000d6080000,0x00000000d6580000)
 ParOldGen       total 99840K, used 99826K [0x0000000080000000, 0x0000000086180000, 0x00000000d5580000)
  object space 99840K, 99% used [0x0000000080000000,0x000000008617c888,0x0000000086180000)
 Metaspace       used 67684K, committed 69248K, reserved 1114112K
  class space    used 7802K, committed 8448K, reserved 1048576K
}
Event: 11.290 GC heap after
{Heap after GC invocations=60 (full 3):
 PSYoungGen      total 13312K, used 1836K [0x00000000d5580000, 0x00000000d6680000, 0x0000000100000000)
  eden space 11264K, 0% used [0x00000000d5580000,0x00000000d5580000,0x00000000d6080000)
  from space 2048K, 89% used [0x00000000d6080000,0x00000000d624b0d0,0x00000000d6280000)
  to   space 3072K, 0% used [0x00000000d6380000,0x00000000d6380000,0x00000000d6680000)
 ParOldGen       total 101888K, used 101786K [0x0000000080000000, 0x0000000086380000, 0x00000000d5580000)
  object space 101888K, 99% used [0x0000000080000000,0x0000000086366a80,0x0000000086380000)
 Metaspace       used 67684K, committed 69248K, reserved 1114112K
  class space    used 7802K, committed 8448K, reserved 1048576K
}
Event: 11.322 GC heap before
{Heap before GC invocations=61 (full 3):
 PSYoungGen      total 13312K, used 13100K [0x00000000d5580000, 0x00000000d6680000, 0x0000000100000000)
  eden space 11264K, 100% used [0x00000000d5580000,0x00000000d6080000,0x00000000d6080000)
  from space 2048K, 89% used [0x00000000d6080000,0x00000000d624b0d0,0x00000000d6280000)
  to   space 3072K, 0% used [0x00000000d6380000,0x00000000d6380000,0x00000000d6680000)
 ParOldGen       total 101888K, used 101786K [0x0000000080000000, 0x0000000086380000, 0x00000000d5580000)
  object space 101888K, 99% used [0x0000000080000000,0x0000000086366a80,0x0000000086380000)
 Metaspace       used 67775K, committed 69312K, reserved 1114112K
  class space    used 7816K, committed 8448K, reserved 1048576K
}
Event: 11.325 GC heap after
{Heap after GC invocations=61 (full 3):
 PSYoungGen      total 14336K, used 2524K [0x00000000d5580000, 0x00000000d6680000, 0x0000000100000000)
  eden space 11264K, 0% used [0x00000000d5580000,0x00000000d5580000,0x00000000d6080000)
  from space 3072K, 82% used [0x00000000d6380000,0x00000000d65f7380,0x00000000d6680000)
  to   space 3072K, 0% used [0x00000000d6080000,0x00000000d6080000,0x00000000d6380000)
 ParOldGen       total 103936K, used 103518K [0x0000000080000000, 0x0000000086580000, 0x00000000d5580000)
  object space 103936K, 99% used [0x0000000080000000,0x0000000086517920,0x0000000086580000)
 Metaspace       used 67775K, committed 69312K, reserved 1114112K
  class space    used 7816K, committed 8448K, reserved 1048576K
}
Event: 11.367 GC heap before
{Heap before GC invocations=62 (full 3):
 PSYoungGen      total 14336K, used 13788K [0x00000000d5580000, 0x00000000d6680000, 0x0000000100000000)
  eden space 11264K, 100% used [0x00000000d5580000,0x00000000d6080000,0x00000000d6080000)
  from space 3072K, 82% used [0x00000000d6380000,0x00000000d65f7380,0x00000000d6680000)
  to   space 3072K, 0% used [0x00000000d6080000,0x00000000d6080000,0x00000000d6380000)
 ParOldGen       total 103936K, used 103518K [0x0000000080000000, 0x0000000086580000, 0x00000000d5580000)
  object space 103936K, 99% used [0x0000000080000000,0x0000000086517920,0x0000000086580000)
 Metaspace       used 68016K, committed 69568K, reserved 1114112K
  class space    used 7847K, committed 8512K, reserved 1048576K
}
Event: 11.371 GC heap after
{Heap after GC invocations=62 (full 3):
 PSYoungGen      total 13824K, used 2106K [0x00000000d5580000, 0x00000000d6580000, 0x0000000100000000)
  eden space 11264K, 0% used [0x00000000d5580000,0x00000000d5580000,0x00000000d6080000)
  from space 2560K, 82% used [0x00000000d6080000,0x00000000d628e9b8,0x00000000d6300000)
  to   space 2560K, 0% used [0x00000000d6300000,0x00000000d6300000,0x00000000d6580000)
 ParOldGen       total 105984K, used 105880K [0x0000000080000000, 0x0000000086780000, 0x00000000d5580000)
  object space 105984K, 99% used [0x0000000080000000,0x0000000086766118,0x0000000086780000)
 Metaspace       used 68016K, committed 69568K, reserved 1114112K
  class space    used 7847K, committed 8512K, reserved 1048576K
}
Event: 11.416 GC heap before
{Heap before GC invocations=63 (full 3):
 PSYoungGen      total 13824K, used 13370K [0x00000000d5580000, 0x00000000d6580000, 0x0000000100000000)
  eden space 11264K, 100% used [0x00000000d5580000,0x00000000d6080000,0x00000000d6080000)
  from space 2560K, 82% used [0x00000000d6080000,0x00000000d628e9b8,0x00000000d6300000)
  to   space 2560K, 0% used [0x00000000d6300000,0x00000000d6300000,0x00000000d6580000)
 ParOldGen       total 105984K, used 105880K [0x0000000080000000, 0x0000000086780000, 0x00000000d5580000)
  object space 105984K, 99% used [0x0000000080000000,0x0000000086766118,0x0000000086780000)
 Metaspace       used 68210K, committed 69760K, reserved 1114112K
  class space    used 7862K, committed 8512K, reserved 1048576K
}
Event: 11.420 GC heap after
{Heap after GC invocations=63 (full 3):
 PSYoungGen      total 13312K, used 1965K [0x00000000d5580000, 0x00000000d6500000, 0x0000000100000000)
  eden space 11264K, 0% used [0x00000000d5580000,0x00000000d5580000,0x00000000d6080000)
  from space 2048K, 95% used [0x00000000d6300000,0x00000000d64eb690,0x00000000d6500000)
  to   space 2048K, 0% used [0x00000000d6100000,0x00000000d6100000,0x00000000d6300000)
 ParOldGen       total 108032K, used 107843K [0x0000000080000000, 0x0000000086980000, 0x00000000d5580000)
  object space 108032K, 99% used [0x0000000080000000,0x0000000086950f48,0x0000000086980000)
 Metaspace       used 68210K, committed 69760K, reserved 1114112K
  class space    used 7862K, committed 8512K, reserved 1048576K
}

