# JRE version: OpenJDK Runtime Environment Temurin-21.0.9+10 (21.0.9+10) (build 21.0.9+10-LTS)
# Java VM: OpenJDK 64-Bit Server VM Temurin-21.0.9+10 (21.0.9+10-LTS, mixed mode, sharing, tiered, compressed oops, compressed class ptrs, parallel gc, windows-amd64)
GC Precious Log:
 CardTable entry size: 512
 CPUs: 8 total, 8 available
 Memory: 16075M
 Large Page Support: Disabled
 NUMA Support: Disabled
 Compressed Oops: Enabled (32-bit)
 Alignments: Space 512K, Generation 512K, Heap 2M
 Heap Min Capacity: 100M
 Heap Initial Capacity: 100M
 Heap Max Capacity: 2G
 Pre-touch: Disabled
 Parallel Workers: 8
Heap:
 PSYoungGen      total 5632K, used 3348K [0x00000000d5580000, 0x00000000d5c00000, 0x0000000100000000)
  eden space 5120K, 64% used [0x00000000d5580000,0x00000000d58bd2e8,0x00000000d5a80000)
  from space 512K, 6% used [0x00000000d5b80000,0x00000000d5b88000,0x00000000d5c00000)
  to   space 512K, 0% used [0x00000000d5b00000,0x00000000d5b00000,0x00000000d5b80000)
 ParOldGen       total 1138176K, used 1138151K [0x0000000080000000, 0x00000000c5780000, 0x00000000d5580000)
  object space 1138176K, 99% used [0x0000000080000000,0x00000000c5779e78,0x00000000c5780000)
 Metaspace       used 84068K, committed 85632K, reserved 1179648K
  class space    used 8639K, committed 9344K, reserved 1048576K
GC Heap History (20 events):
Event: 1136381.319 GC heap before
{Heap before GC invocations=2275 (full 4):
 PSYoungGen      total 6144K, used 6018K [0x00000000d5580000, 0x00000000d5c80000, 0x0000000100000000)
  eden space 5120K, 100% used [0x00000000d5580000,0x00000000d5a80000,0x00000000d5a80000)
  from space 1024K, 87% used [0x00000000d5b80000,0x00000000d5c60910,0x00000000d5c80000)
  to   space 1024K, 0% used [0x00000000d5a80000,0x00000000d5a80000,0x00000000d5b80000)
 ParOldGen       total 1134592K, used 1134583K [0x0000000080000000, 0x00000000c5400000, 0x00000000d5580000)
  object space 1134592K, 99% used [0x0000000080000000,0x00000000c53fdf18,0x00000000c5400000)
 Metaspace       used 84060K, committed 85632K, reserved 1179648K
  class space    used 8639K, committed 9344K, reserved 1048576K
}
Event: 1136381.322 GC heap after
{Heap after GC invocations=2275 (full 4):
 PSYoungGen      total 6144K, used 924K [0x00000000d5580000, 0x00000000d5c80000, 0x0000000100000000)
  eden space 5120K, 0% used [0x00000000d5580000,0x00000000d5580000,0x00000000d5a80000)
  from space 1024K, 90% used [0x00000000d5a80000,0x00000000d5b67300,0x00000000d5b80000)
  to   space 1024K, 0% used [0x00000000d5b80000,0x00000000d5b80000,0x00000000d5c80000)
 ParOldGen       total 1135104K, used 1135097K [0x0000000080000000, 0x00000000c5480000, 0x00000000d5580000)
  object space 1135104K, 99% used [0x0000000080000000,0x00000000c547e6c8,0x00000000c5480000)
 Metaspace       used 84060K, committed 85632K, reserved 1179648K
  class space    used 8639K, committed 9344K, reserved 1048576K
}
Event: 1136381.342 GC heap before
{Heap before GC invocations=2276 (full 4):
 PSYoungGen      total 6144K, used 6044K [0x00000000d5580000, 0x00000000d5c80000, 0x0000000100000000)
  eden space 5120K, 100% used [0x00000000d5580000,0x00000000d5a80000,0x00000000d5a80000)
  from space 1024K, 90% used [0x00000000d5a80000,0x00000000d5b67300,0x00000000d5b80000)
  to   space 1024K, 0% used [0x00000000d5b80000,0x00000000d5b80000,0x00000000d5c80000)
 ParOldGen       total 1135104K, used 1135097K [0x0000000080000000, 0x00000000c5480000, 0x00000000d5580000)
  object space 1135104K, 99% used [0x0000000080000000,0x00000000c547e6c8,0x00000000c5480000)
 Metaspace       used 84067K, committed 85632K, reserved 1179648K
  class space    used 8639K, committed 9344K, reserved 1048576K
}
Event: 1136381.345 GC heap after
{Heap after GC invocations=2276 (full 4):
 PSYoungGen      total 6144K, used 816K [0x00000000d5580000, 0x00000000d5c80000, 0x0000000100000000)
  eden space 5120K, 0% used [0x00000000d5580000,0x00000000d5580000,0x00000000d5a80000)
  from space 1024K, 79% used [0x00000000d5b80000,0x00000000d5c4c010,0x00000000d5c80000)
  to   space 1024K, 0% used [0x00000000d5a80000,0x00000000d5a80000,0x00000000d5b80000)
 ParOldGen       total 1136128K, used 1135853K [0x0000000080000000, 0x00000000c5580000, 0x00000000d5580000)
  object space 1136128K, 99% used [0x0000000080000000,0x00000000c553b6c8,0x00000000c5580000)
 Metaspace       used 84067K, committed 85632K, reserved 1179648K
  class space    used 8639K, committed 9344K, reserved 1048576K
}
Event: 1136381.353 GC heap before
{Heap before GC invocations=2277 (full 4):
 PSYoungGen      total 6144K, used 5936K [0x00000000d5580000, 0x00000000d5c80000, 0x0000000100000000)
  eden space 5120K, 100% used [0x00000000d5580000,0x00000000d5a80000,0x00000000d5a80000)
  from space 1024K, 79% used [0x00000000d5b80000,0x00000000d5c4c010,0x00000000d5c80000)
  to   space 1024K, 0% used [0x00000000d5a80000,0x00000000d5a80000,0x00000000d5b80000)
 ParOldGen       total 1136128K, used 1135853K [0x0000000080000000, 0x00000000c5580000, 0x00000000d5580000)
  object space 1136128K, 99% used [0x0000000080000000,0x00000000c553b6c8,0x00000000c5580000)
 Metaspace       used 84067K, committed 85632K, reserved 1179648K
  class space    used 8639K, committed 9344K, reserved 1048576K
}
Event: 1136381.355 GC heap after
{Heap after GC invocations=2277 (full 4):
 PSYoungGen      total 6144K, used 800K [0x00000000d5580000, 0x00000000d5c80000, 0x0000000100000000)
  eden space 5120K, 0% used [0x00000000d5580000,0x00000000d5580000,0x00000000d5a80000)
  from space 1024K, 78% used [0x00000000d5a80000,0x00000000d5b48000,0x00000000d5b80000)
  to   space 1024K, 0% used [0x00000000d5b80000,0x00000000d5b80000,0x00000000d5c80000)
 ParOldGen       total 1136640K, used 1136601K [0x0000000080000000, 0x00000000c5600000, 0x00000000d5580000)
  object space 1136640K, 99% used [0x0000000080000000,0x00000000c55f6478,0x00000000c5600000)
 Metaspace       used 84067K, committed 85632K, reserved 1179648K
  class space    used 8639K, committed 9344K, reserved 1048576K
}
Event: 1136382.398 GC heap before
{Heap before GC invocations=2278 (full 4):
 PSYoungGen      total 6144K, used 5920K [0x00000000d5580000, 0x00000000d5c80000, 0x0000000100000000)
  eden space 5120K, 100% used [0x00000000d5580000,0x00000000d5a80000,0x00000000d5a80000)
  from space 1024K, 78% used [0x00000000d5a80000,0x00000000d5b48000,0x00000000d5b80000)
  to   space 1024K, 0% used [0x00000000d5b80000,0x00000000d5b80000,0x00000000d5c80000)
 ParOldGen       total 1136640K, used 1136601K [0x0000000080000000, 0x00000000c5600000, 0x00000000d5580000)
  object space 1136640K, 99% used [0x0000000080000000,0x00000000c55f6478,0x00000000c5600000)
 Metaspace       used 84068K, committed 85632K, reserved 1179648K
  class space    used 8639K, committed 9344K, reserved 1048576K
}
Event: 1136382.400 GC heap after
{Heap after GC invocations=2278 (full 4):
 PSYoungGen      total 6144K, used 676K [0x00000000d5580000, 0x00000000d5c80000, 0x0000000100000000)
  eden space 5120K, 0% used [0x00000000d5580000,0x00000000d5580000,0x00000000d5a80000)
  from space 1024K, 66% used [0x00000000d5b80000,0x00000000d5c29210,0x00000000d5c80000)
  to   space 1024K, 0% used [0x00000000d5a80000,0x00000000d5a80000,0x00000000d5b80000)
 ParOldGen       total 1137664K, used 1137333K [0x0000000080000000, 0x00000000c5700000, 0x00000000d5580000)
  object space 1137664K, 99% used [0x0000000080000000,0x00000000c56ad4a8,0x00000000c5700000)
 Metaspace       used 84068K, committed 85632K, reserved 1179648K
  class space    used 8639K, committed 9344K, reserved 1048576K
}
Event: 1136382.804 GC heap before
{Heap before GC invocations=2279 (full 4):
 PSYoungGen      total 6144K, used 5796K [0x00000000d5580000, 0x00000000d5c80000, 0x0000000100000000)
  eden space 5120K, 99% used [0x00000000d5580000,0x00000000d5a7fff8,0x00000000d5a80000)
  from space 1024K, 66% used [0x00000000d5b80000,0x00000000d5c29210,0x00000000d5c80000)
  to   space 1024K, 0% used [0x00000000d5a80000,0x00000000d5a80000,0x00000000d5b80000)
 ParOldGen       total 1137664K, used 1137333K [0x0000000080000000, 0x00000000c5700000, 0x00000000d5580000)
  object space 1137664K, 99% used [0x0000000080000000,0x00000000c56ad4a8,0x00000000c5700000)
 Metaspace       used 84068K, committed 85632K, reserved 1179648K
  class space    used 8639K, committed 9344K, reserved 1048576K
}
Event: 1136382.808 GC heap after
{Heap after GC invocations=2279 (full 4):
 PSYoungGen      total 6144K, used 644K [0x00000000d5580000, 0x00000000d5c80000, 0x0000000100000000)
  eden space 5120K, 0% used [0x00000000d5580000,0x00000000d5580000,0x00000000d5a80000)
  from space 1024K, 62% used [0x00000000d5a80000,0x00000000d5b21230,0x00000000d5b80000)
  to   space 1024K, 0% used [0x00000000d5b80000,0x00000000d5b80000,0x00000000d5c80000)
 ParOldGen       total 1138176K, used 1137855K [0x0000000080000000, 0x00000000c5780000, 0x00000000d5580000)
  object space 1138176K, 99% used [0x0000000080000000,0x00000000c572fe38,0x00000000c5780000)
 Metaspace       used 84068K, committed 85632K, reserved 1179648K
  class space    used 8639K, committed 9344K, reserved 1048576K
}
Event: 1136383.544 GC heap before
{Heap before GC invocations=2280 (full 4):
 PSYoungGen      total 6144K, used 5764K [0x00000000d5580000, 0x00000000d5c80000, 0x0000000100000000)
  eden space 5120K, 100% used [0x00000000d5580000,0x00000000d5a80000,0x00000000d5a80000)
  from space 1024K, 62% used [0x00000000d5a80000,0x00000000d5b21230,0x00000000d5b80000)
  to   space 1024K, 0% used [0x00000000d5b80000,0x00000000d5b80000,0x00000000d5c80000)
 ParOldGen       total 1138176K, used 1137855K [0x0000000080000000, 0x00000000c5780000, 0x00000000d5580000)
  object space 1138176K, 99% used [0x0000000080000000,0x00000000c572fe38,0x00000000c5780000)
 Metaspace       used 84068K, committed 85632K, reserved 1179648K
  class space    used 8639K, committed 9344K, reserved 1048576K
}
Event: 1136383.547 GC heap after
{Heap after GC invocations=2280 (full 4):
 PSYoungGen      total 5632K, used 256K [0x00000000d5580000, 0x00000000d5c00000, 0x0000000100000000)
  eden space 5120K, 0% used [0x00000000d5580000,0x00000000d5580000,0x00000000d5a80000)
  from space 512K, 50% used [0x00000000d5b80000,0x00000000d5bc0000,0x00000000d5c00000)
  to   space 512K, 0% used [0x00000000d5b00000,0x00000000d5b00000,0x00000000d5b80000)
 ParOldGen       total 1138176K, used 1138015K [0x0000000080000000, 0x00000000c5780000, 0x00000000d5580000)
  object space 1138176K, 99% used [0x0000000080000000,0x00000000c5757e58,0x00000000c5780000)
 Metaspace       used 84068K, committed 85632K, reserved 1179648K
  class space    used 8639K, committed 9344K, reserved 1048576K
}
Event: 1161425.960 GC heap before
{Heap before GC invocations=2281 (full 4):
 PSYoungGen      total 5632K, used 5376K [0x00000000d5580000, 0x00000000d5c00000, 0x0000000100000000)
  eden space 5120K, 100% used [0x00000000d5580000,0x00000000d5a80000,0x00000000d5a80000)
  from space 512K, 50% used [0x00000000d5b80000,0x00000000d5bc0000,0x00000000d5c00000)
  to   space 512K, 0% used [0x00000000d5b00000,0x00000000d5b00000,0x00000000d5b80000)
 ParOldGen       total 1138176K, used 1138015K [0x0000000080000000, 0x00000000c5780000, 0x00000000d5580000)
  object space 1138176K, 99% used [0x0000000080000000,0x00000000c5757e58,0x00000000c5780000)
 Metaspace       used 84068K, committed 85632K, reserved 1179648K
  class space    used 8639K, committed 9344K, reserved 1048576K
}
Event: 1161427.071 GC heap after
{Heap after GC invocations=2281 (full 4):
 PSYoungGen      total 5632K, used 224K [0x00000000d5580000, 0x00000000d5c00000, 0x0000000100000000)
  eden space 5120K, 0% used [0x00000000d5580000,0x00000000d5580000,0x00000000d5a80000)
  from space 512K, 43% used [0x00000000d5b00000,0x00000000d5b38020,0x00000000d5b80000)
  to   space 512K, 0% used [0x00000000d5b80000,0x00000000d5b80000,0x00000000d5c00000)
 ParOldGen       total 1138176K, used 1138039K [0x0000000080000000, 0x00000000c5780000, 0x00000000d5580000)
  object space 1138176K, 99% used [0x0000000080000000,0x00000000c575de58,0x00000000c5780000)
 Metaspace       used 84068K, committed 85632K, reserved 1179648K
  class space    used 8639K, committed 9344K, reserved 1048576K
}
Event: 1213667.887 GC heap before
{Heap before GC invocations=2282 (full 4):
 PSYoungGen      total 5632K, used 5344K [0x00000000d5580000, 0x00000000d5c00000, 0x0000000100000000)
  eden space 5120K, 100% used [0x00000000d5580000,0x00000000d5a80000,0x00000000d5a80000)
  from space 512K, 43% used [0x00000000d5b00000,0x00000000d5b38020,0x00000000d5b80000)
  to   space 512K, 0% used [0x00000000d5b80000,0x00000000d5b80000,0x00000000d5c00000)
 ParOldGen       total 1138176K, used 1138039K [0x0000000080000000, 0x00000000c5780000, 0x00000000d5580000)
  object space 1138176K, 99% used [0x0000000080000000,0x00000000c575de58,0x00000000c5780000)
 Metaspace       used 84068K, committed 85632K, reserved 1179648K
  class space    used 8639K, committed 9344K, reserved 1048576K
}
Event: 1213668.289 GC heap after
{Heap after GC invocations=2282 (full 4):
 PSYoungGen      total 5632K, used 128K [0x00000000d5580000, 0x00000000d5c00000, 0x0000000100000000)
  eden space 5120K, 0% used [0x00000000d5580000,0x00000000d5580000,0x00000000d5a80000)
  from space 512K, 25% used [0x00000000d5b80000,0x00000000d5ba0000,0x00000000d5c00000)
  to   space 512K, 0% used [0x00000000d5b00000,0x00000000d5b00000,0x00000000d5b80000)
 ParOldGen       total 1138176K, used 1138127K [0x0000000080000000, 0x00000000c5780000, 0x00000000d5580000)
  object space 1138176K, 99% used [0x0000000080000000,0x00000000c5773e78,0x00000000c5780000)
 Metaspace       used 84068K, committed 85632K, reserved 1179648K
  class space    used 8639K, committed 9344K, reserved 1048576K
}
Event: 1213668.312 GC heap before
{Heap before GC invocations=2283 (full 4):
 PSYoungGen      total 5632K, used 5248K [0x00000000d5580000, 0x00000000d5c00000, 0x0000000100000000)
  eden space 5120K, 100% used [0x00000000d5580000,0x00000000d5a80000,0x00000000d5a80000)
  from space 512K, 25% used [0x00000000d5b80000,0x00000000d5ba0000,0x00000000d5c00000)
  to   space 512K, 0% used [0x00000000d5b00000,0x00000000d5b00000,0x00000000d5b80000)
 ParOldGen       total 1138176K, used 1138127K [0x0000000080000000, 0x00000000c5780000, 0x00000000d5580000)
  object space 1138176K, 99% used [0x0000000080000000,0x00000000c5773e78,0x00000000c5780000)
 Metaspace       used 84068K, committed 85632K, reserved 1179648K
  class space    used 8639K, committed 9344K, reserved 1048576K
}
Event: 1213668.317 GC heap after
{Heap after GC invocations=2283 (full 4):
 PSYoungGen      total 5632K, used 32K [0x00000000d5580000, 0x00000000d5c00000, 0x0000000100000000)
  eden space 5120K, 0% used [0x00000000d5580000,0x00000000d5580000,0x00000000d5a80000)
  from space 512K, 6% used [0x00000000d5b00000,0x00000000d5b08000,0x00000000d5b80000)
  to   space 512K, 0% used [0x00000000d5b80000,0x00000000d5b80000,0x00000000d5c00000)
 ParOldGen       total 1138176K, used 1138151K [0x0000000080000000, 0x00000000c5780000, 0x00000000d5580000)
  object space 1138176K, 99% used [0x0000000080000000,0x00000000c5779e78,0x00000000c5780000)
 Metaspace       used 84068K, committed 85632K, reserved 1179648K
  class space    used 8639K, committed 9344K, reserved 1048576K
}
Event: 1213668.333 GC heap before
{Heap before GC invocations=2284 (full 4):
 PSYoungGen      total 5632K, used 5152K [0x00000000d5580000, 0x00000000d5c00000, 0x0000000100000000)
  eden space 5120K, 100% used [0x00000000d5580000,0x00000000d5a80000,0x00000000d5a80000)
  from space 512K, 6% used [0x00000000d5b00000,0x00000000d5b08000,0x00000000d5b80000)
  to   space 512K, 0% used [0x00000000d5b80000,0x00000000d5b80000,0x00000000d5c00000)
 ParOldGen       total 1138176K, used 1138151K [0x0000000080000000, 0x00000000c5780000, 0x00000000d5580000)
  object space 1138176K, 99% used [0x0000000080000000,0x00000000c5779e78,0x00000000c5780000)
 Metaspace       used 84068K, committed 85632K, reserved 1179648K
  class space    used 8639K, committed 9344K, reserved 1048576K
}
Event: 1213668.336 GC heap after
{Heap after GC invocations=2284 (full 4):
 PSYoungGen      total 5632K, used 32K [0x00000000d5580000, 0x00000000d5c00000, 0x0000000100000000)
  eden space 5120K, 0% used [0x00000000d5580000,0x00000000d5580000,0x00000000d5a80000)
  from space 512K, 6% used [0x00000000d5b80000,0x00000000d5b88000,0x00000000d5c00000)
  to   space 512K, 0% used [0x00000000d5b00000,0x00000000d5b00000,0x00000000d5b80000)
 ParOldGen       total 1138176K, used 1138151K [0x0000000080000000, 0x00000000c5780000, 0x00000000d5580000)
  object space 1138176K, 99% used [0x0000000080000000,0x00000000c5779e78,0x00000000c5780000)
 Metaspace       used 84068K, committed 85632K, reserved 1179648K
  class space    used 8639K, committed 9344K, reserved 1048576K
}

