# JRE version: OpenJDK Runtime Environment Temurin-21.0.9+10 (21.0.9+10) (build 21.0.9+10-LTS)
# Java VM: OpenJDK 64-Bit Server VM Temurin-21.0.9+10 (21.0.9+10-LTS, mixed mode, sharing, tiered, compressed oops, compressed class ptrs, parallel gc, windows-amd64)
GC Precious Log:
 CardTable entry size: 512
 CPUs: 8 total, 8 available
 Memory: 16075M
 Large Page Support: Disabled
 NUMA Support: Disabled
 Compressed Oops: Enabled (32-bit)
 Alignments: Space 512K, Generation 512K, Heap 2M
 Heap Min Capacity: 100M
 Heap Initial Capacity: 100M
 Heap Max Capacity: 2G
 Pre-touch: Disabled
 Parallel Workers: 8
Heap:
 PSYoungGen      total 3072K, used 1008K [0x00000000d5580000, 0x00000000d5a00000, 0x0000000100000000)
  eden space 2048K, 0% used [0x00000000d5580000,0x00000000d5580000,0x00000000d5780000)
  from space 1024K, 98% used [0x00000000d5780000,0x00000000d587c288,0x00000000d5880000)
  to   space 1024K, 0% used [0x00000000d5880000,0x00000000d5880000,0x00000000d5980000)
 ParOldGen       total 382464K, used 382458K [0x0000000080000000, 0x0000000097580000, 0x00000000d5580000)
  object space 382464K, 99% used [0x0000000080000000,0x000000009757e988,0x0000000097580000)
 Metaspace       used 72590K, committed 74176K, reserved 1114112K
  class space    used 8916K, committed 9600K, reserved 1048576K
GC Heap History (20 events):
Event: 28.286 GC heap after
{Heap after GC invocations=298 (full 3):
 PSYoungGen      total 1024K, used 288K [0x00000000d5580000, 0x00000000d5980000, 0x0000000100000000)
  eden space 512K, 0% used [0x00000000d5580000,0x00000000d5580000,0x00000000d5600000)
  from space 512K, 56% used [0x00000000d5600000,0x00000000d5648000,0x00000000d5680000)
  to   space 1536K, 0% used [0x00000000d5800000,0x00000000d5800000,0x00000000d5980000)
 ParOldGen       total 378368K, used 378173K [0x0000000080000000, 0x0000000097180000, 0x00000000d5580000)
  object space 378368K, 99% used [0x0000000080000000,0x000000009714f720,0x0000000097180000)
 Metaspace       used 72518K, committed 74048K, reserved 1114112K
  class space    used 8912K, committed 9600K, reserved 1048576K
}
Event: 28.288 GC heap before
{Heap before GC invocations=299 (full 3):
 PSYoungGen      total 1024K, used 800K [0x00000000d5580000, 0x00000000d5980000, 0x0000000100000000)
  eden space 512K, 100% used [0x00000000d5580000,0x00000000d5600000,0x00000000d5600000)
  from space 512K, 56% used [0x00000000d5600000,0x00000000d5648000,0x00000000d5680000)
  to   space 1536K, 0% used [0x00000000d5800000,0x00000000d5800000,0x00000000d5980000)
 ParOldGen       total 378368K, used 378173K [0x0000000080000000, 0x0000000097180000, 0x00000000d5580000)
  object space 378368K, 99% used [0x0000000080000000,0x000000009714f720,0x0000000097180000)
 Metaspace       used 72518K, committed 74048K, reserved 1114112K
  class space    used 8912K, committed 9600K, reserved 1048576K
}
Event: 28.290 GC heap after
{Heap after GC invocations=299 (full 3):
 PSYoungGen      total 2048K, used 581K [0x00000000d5580000, 0x00000000d5900000, 0x0000000100000000)
  eden space 1024K, 0% used [0x00000000d5580000,0x00000000d5580000,0x00000000d5680000)
  from space 1024K, 56% used [0x00000000d5800000,0x00000000d58915b0,0x00000000d5900000)
  to   space 1024K, 0% used [0x00000000d5700000,0x00000000d5700000,0x00000000d5800000)
 ParOldGen       total 378368K, used 378269K [0x0000000080000000, 0x0000000097180000, 0x00000000d5580000)
  object space 378368K, 99% used [0x0000000080000000,0x0000000097167720,0x0000000097180000)
 Metaspace       used 72518K, committed 74048K, reserved 1114112K
  class space    used 8912K, committed 9600K, reserved 1048576K
}
Event: 28.298 GC heap before
{Heap before GC invocations=300 (full 3):
 PSYoungGen      total 2048K, used 1479K [0x00000000d5580000, 0x00000000d5900000, 0x0000000100000000)
  eden space 1024K, 87% used [0x00000000d5580000,0x00000000d5660868,0x00000000d5680000)
  from space 1024K, 56% used [0x00000000d5800000,0x00000000d58915b0,0x00000000d5900000)
  to   space 1024K, 0% used [0x00000000d5700000,0x00000000d5700000,0x00000000d5800000)
 ParOldGen       total 378368K, used 378269K [0x0000000080000000, 0x0000000097180000, 0x00000000d5580000)
  object space 378368K, 99% used [0x0000000080000000,0x0000000097167720,0x0000000097180000)
 Metaspace       used 72522K, committed 74048K, reserved 1114112K
  class space    used 8912K, committed 9600K, reserved 1048576K
}
Event: 28.301 GC heap after
{Heap after GC invocations=300 (full 3):
 PSYoungGen      total 2560K, used 696K [0x00000000d5580000, 0x00000000d5900000, 0x0000000100000000)
  eden space 1536K, 0% used [0x00000000d5580000,0x00000000d5580000,0x00000000d5700000)
  from space 1024K, 67% used [0x00000000d5700000,0x00000000d57ae0d8,0x00000000d5800000)
  to   space 1024K, 0% used [0x00000000d5800000,0x00000000d5800000,0x00000000d5900000)
 ParOldGen       total 379392K, used 379157K [0x0000000080000000, 0x0000000097280000, 0x00000000d5580000)
  object space 379392K, 99% used [0x0000000080000000,0x0000000097245480,0x0000000097280000)
 Metaspace       used 72522K, committed 74048K, reserved 1114112K
  class space    used 8912K, committed 9600K, reserved 1048576K
}
Event: 28.308 GC heap before
{Heap before GC invocations=301 (full 3):
 PSYoungGen      total 2560K, used 2232K [0x00000000d5580000, 0x00000000d5900000, 0x0000000100000000)
  eden space 1536K, 100% used [0x00000000d5580000,0x00000000d5700000,0x00000000d5700000)
  from space 1024K, 67% used [0x00000000d5700000,0x00000000d57ae0d8,0x00000000d5800000)
  to   space 1024K, 0% used [0x00000000d5800000,0x00000000d5800000,0x00000000d5900000)
 ParOldGen       total 379392K, used 379157K [0x0000000080000000, 0x0000000097280000, 0x00000000d5580000)
  object space 379392K, 99% used [0x0000000080000000,0x0000000097245480,0x0000000097280000)
 Metaspace       used 72523K, committed 74048K, reserved 1114112K
  class space    used 8912K, committed 9600K, reserved 1048576K
}
Event: 28.313 GC heap after
{Heap after GC invocations=301 (full 3):
 PSYoungGen      total 1536K, used 996K [0x00000000d5580000, 0x00000000d5c80000, 0x0000000100000000)
  eden space 512K, 0% used [0x00000000d5580000,0x00000000d5580000,0x00000000d5600000)
  from space 1024K, 97% used [0x00000000d5800000,0x00000000d58f90d0,0x00000000d5900000)
  to   space 2048K, 0% used [0x00000000d5600000,0x00000000d5600000,0x00000000d5800000)
 ParOldGen       total 380416K, used 380099K [0x0000000080000000, 0x0000000097380000, 0x00000000d5580000)
  object space 380416K, 99% used [0x0000000080000000,0x0000000097330c98,0x0000000097380000)
 Metaspace       used 72523K, committed 74048K, reserved 1114112K
  class space    used 8912K, committed 9600K, reserved 1048576K
}
Event: 28.319 GC heap before
{Heap before GC invocations=302 (full 3):
 PSYoungGen      total 1536K, used 1481K [0x00000000d5580000, 0x00000000d5c80000, 0x0000000100000000)
  eden space 512K, 94% used [0x00000000d5580000,0x00000000d55f9490,0x00000000d5600000)
  from space 1024K, 97% used [0x00000000d5800000,0x00000000d58f90d0,0x00000000d5900000)
  to   space 2048K, 0% used [0x00000000d5600000,0x00000000d5600000,0x00000000d5800000)
 ParOldGen       total 380416K, used 380099K [0x0000000080000000, 0x0000000097380000, 0x00000000d5580000)
  object space 380416K, 99% used [0x0000000080000000,0x0000000097330c98,0x0000000097380000)
 Metaspace       used 72523K, committed 74048K, reserved 1114112K
  class space    used 8912K, committed 9600K, reserved 1048576K
}
Event: 28.325 GC heap after
{Heap after GC invocations=302 (full 3):
 PSYoungGen      total 1024K, used 460K [0x00000000d5580000, 0x00000000d5880000, 0x0000000100000000)
  eden space 512K, 0% used [0x00000000d5580000,0x00000000d5580000,0x00000000d5600000)
  from space 512K, 89% used [0x00000000d5600000,0x00000000d56732e8,0x00000000d5680000)
  to   space 1024K, 0% used [0x00000000d5780000,0x00000000d5780000,0x00000000d5880000)
 ParOldGen       total 380928K, used 380468K [0x0000000080000000, 0x0000000097400000, 0x00000000d5580000)
  object space 380928K, 99% used [0x0000000080000000,0x000000009738d310,0x0000000097400000)
 Metaspace       used 72523K, committed 74048K, reserved 1114112K
  class space    used 8912K, committed 9600K, reserved 1048576K
}
Event: 28.331 GC heap before
{Heap before GC invocations=303 (full 3):
 PSYoungGen      total 1024K, used 972K [0x00000000d5580000, 0x00000000d5880000, 0x0000000100000000)
  eden space 512K, 100% used [0x00000000d5580000,0x00000000d5600000,0x00000000d5600000)
  from space 512K, 89% used [0x00000000d5600000,0x00000000d56732e8,0x00000000d5680000)
  to   space 1024K, 0% used [0x00000000d5780000,0x00000000d5780000,0x00000000d5880000)
 ParOldGen       total 380928K, used 380468K [0x0000000080000000, 0x0000000097400000, 0x00000000d5580000)
  object space 380928K, 99% used [0x0000000080000000,0x000000009738d310,0x0000000097400000)
 Metaspace       used 72523K, committed 74048K, reserved 1114112K
  class space    used 8912K, committed 9600K, reserved 1048576K
}
Event: 28.335 GC heap after
{Heap after GC invocations=303 (full 3):
 PSYoungGen      total 2048K, used 582K [0x00000000d5580000, 0x00000000d5880000, 0x0000000100000000)
  eden space 1024K, 0% used [0x00000000d5580000,0x00000000d5580000,0x00000000d5680000)
  from space 1024K, 56% used [0x00000000d5780000,0x00000000d5811898,0x00000000d5880000)
  to   space 1024K, 0% used [0x00000000d5680000,0x00000000d5680000,0x00000000d5780000)
 ParOldGen       total 380928K, used 380823K [0x0000000080000000, 0x0000000097400000, 0x00000000d5580000)
  object space 380928K, 99% used [0x0000000080000000,0x00000000973e5ea8,0x0000000097400000)
 Metaspace       used 72523K, committed 74048K, reserved 1114112K
  class space    used 8912K, committed 9600K, reserved 1048576K
}
Event: 28.349 GC heap before
{Heap before GC invocations=304 (full 3):
 PSYoungGen      total 2048K, used 1606K [0x00000000d5580000, 0x00000000d5880000, 0x0000000100000000)
  eden space 1024K, 100% used [0x00000000d5580000,0x00000000d5680000,0x00000000d5680000)
  from space 1024K, 56% used [0x00000000d5780000,0x00000000d5811898,0x00000000d5880000)
  to   space 1024K, 0% used [0x00000000d5680000,0x00000000d5680000,0x00000000d5780000)
 ParOldGen       total 380928K, used 380823K [0x0000000080000000, 0x0000000097400000, 0x00000000d5580000)
  object space 380928K, 99% used [0x0000000080000000,0x00000000973e5ea8,0x0000000097400000)
 Metaspace       used 72523K, committed 74048K, reserved 1114112K
  class space    used 8912K, committed 9600K, reserved 1048576K
}
Event: 28.352 GC heap after
{Heap after GC invocations=304 (full 3):
 PSYoungGen      total 2048K, used 976K [0x00000000d5580000, 0x00000000d5a00000, 0x0000000100000000)
  eden space 1024K, 0% used [0x00000000d5580000,0x00000000d5580000,0x00000000d5680000)
  from space 1024K, 95% used [0x00000000d5680000,0x00000000d5774008,0x00000000d5780000)
  to   space 1536K, 0% used [0x00000000d5880000,0x00000000d5880000,0x00000000d5a00000)
 ParOldGen       total 381440K, used 381333K [0x0000000080000000, 0x0000000097480000, 0x00000000d5580000)
  object space 381440K, 99% used [0x0000000080000000,0x0000000097465740,0x0000000097480000)
 Metaspace       used 72523K, committed 74048K, reserved 1114112K
  class space    used 8912K, committed 9600K, reserved 1048576K
}
Event: 28.384 GC heap before
{Heap before GC invocations=305 (full 3):
 PSYoungGen      total 2048K, used 1999K [0x00000000d5580000, 0x00000000d5a00000, 0x0000000100000000)
  eden space 1024K, 99% used [0x00000000d5580000,0x00000000d567ffe8,0x00000000d5680000)
  from space 1024K, 95% used [0x00000000d5680000,0x00000000d5774008,0x00000000d5780000)
  to   space 1536K, 0% used [0x00000000d5880000,0x00000000d5880000,0x00000000d5a00000)
 ParOldGen       total 381440K, used 381333K [0x0000000080000000, 0x0000000097480000, 0x00000000d5580000)
  object space 381440K, 99% used [0x0000000080000000,0x0000000097465740,0x0000000097480000)
 Metaspace       used 72557K, committed 74112K, reserved 1114112K
  class space    used 8912K, committed 9600K, reserved 1048576K
}
Event: 28.386 GC heap after
{Heap after GC invocations=305 (full 3):
 PSYoungGen      total 2560K, used 614K [0x00000000d5580000, 0x00000000d5980000, 0x0000000100000000)
  eden space 1536K, 0% used [0x00000000d5580000,0x00000000d5580000,0x00000000d5700000)
  from space 1024K, 59% used [0x00000000d5880000,0x00000000d59198b0,0x00000000d5980000)
  to   space 1024K, 0% used [0x00000000d5780000,0x00000000d5780000,0x00000000d5880000)
 ParOldGen       total 381952K, used 381591K [0x0000000080000000, 0x0000000097500000, 0x00000000d5580000)
  object space 381952K, 99% used [0x0000000080000000,0x00000000974a5e98,0x0000000097500000)
 Metaspace       used 72557K, committed 74112K, reserved 1114112K
  class space    used 8912K, committed 9600K, reserved 1048576K
}
Event: 28.394 GC heap before
{Heap before GC invocations=306 (full 3):
 PSYoungGen      total 2560K, used 2150K [0x00000000d5580000, 0x00000000d5980000, 0x0000000100000000)
  eden space 1536K, 100% used [0x00000000d5580000,0x00000000d5700000,0x00000000d5700000)
  from space 1024K, 59% used [0x00000000d5880000,0x00000000d59198b0,0x00000000d5980000)
  to   space 1024K, 0% used [0x00000000d5780000,0x00000000d5780000,0x00000000d5880000)
 ParOldGen       total 381952K, used 381591K [0x0000000080000000, 0x0000000097500000, 0x00000000d5580000)
  object space 381952K, 99% used [0x0000000080000000,0x00000000974a5e98,0x0000000097500000)
 Metaspace       used 72561K, committed 74112K, reserved 1114112K
  class space    used 8913K, committed 9600K, reserved 1048576K
}
Event: 28.396 GC heap after
{Heap after GC invocations=306 (full 3):
 PSYoungGen      total 3072K, used 806K [0x00000000d5580000, 0x00000000d5980000, 0x0000000100000000)
  eden space 2048K, 0% used [0x00000000d5580000,0x00000000d5580000,0x00000000d5780000)
  from space 1024K, 78% used [0x00000000d5780000,0x00000000d5849b08,0x00000000d5880000)
  to   space 1024K, 0% used [0x00000000d5880000,0x00000000d5880000,0x00000000d5980000)
 ParOldGen       total 381952K, used 381639K [0x0000000080000000, 0x0000000097500000, 0x00000000d5580000)
  object space 381952K, 99% used [0x0000000080000000,0x00000000974b1e98,0x0000000097500000)
 Metaspace       used 72561K, committed 74112K, reserved 1114112K
  class space    used 8913K, committed 9600K, reserved 1048576K
}
Event: 28.408 GC heap before
{Heap before GC invocations=307 (full 3):
 PSYoungGen      total 3072K, used 2850K [0x00000000d5580000, 0x00000000d5980000, 0x0000000100000000)
  eden space 2048K, 99% used [0x00000000d5580000,0x00000000d577ee00,0x00000000d5780000)
  from space 1024K, 78% used [0x00000000d5780000,0x00000000d5849b08,0x00000000d5880000)
  to   space 1024K, 0% used [0x00000000d5880000,0x00000000d5880000,0x00000000d5980000)
 ParOldGen       total 381952K, used 381639K [0x0000000080000000, 0x0000000097500000, 0x00000000d5580000)
  object space 381952K, 99% used [0x0000000080000000,0x00000000974b1e98,0x0000000097500000)
 Metaspace       used 72580K, committed 74112K, reserved 1114112K
  class space    used 8915K, committed 9600K, reserved 1048576K
}
Event: 28.411 GC heap after
{Heap after GC invocations=307 (full 3):
 PSYoungGen      total 3072K, used 459K [0x00000000d5580000, 0x00000000d5a00000, 0x0000000100000000)
  eden space 2048K, 0% used [0x00000000d5580000,0x00000000d5580000,0x00000000d5780000)
  from space 1024K, 44% used [0x00000000d5880000,0x00000000d58f2e18,0x00000000d5980000)
  to   space 1024K, 0% used [0x00000000d5780000,0x00000000d5780000,0x00000000d5880000)
 ParOldGen       total 381952K, used 381710K [0x0000000080000000, 0x0000000097500000, 0x00000000d5580000)
  object space 381952K, 99% used [0x0000000080000000,0x00000000974c3940,0x0000000097500000)
 Metaspace       used 72580K, committed 74112K, reserved 1114112K
  class space    used 8915K, committed 9600K, reserved 1048576K
}
Event: 28.441 GC heap before
{Heap before GC invocations=308 (full 3):
 PSYoungGen      total 3072K, used 2507K [0x00000000d5580000, 0x00000000d5a00000, 0x0000000100000000)
  eden space 2048K, 100% used [0x00000000d5580000,0x00000000d5780000,0x00000000d5780000)
  from space 1024K, 44% used [0x00000000d5880000,0x00000000d58f2e18,0x00000000d5980000)
  to   space 1024K, 0% used [0x00000000d5780000,0x00000000d5780000,0x00000000d5880000)
 ParOldGen       total 381952K, used 381710K [0x0000000080000000, 0x0000000097500000, 0x00000000d5580000)
  object space 381952K, 99% used [0x0000000080000000,0x00000000974c3940,0x0000000097500000)
 Metaspace       used 72590K, committed 74176K, reserved 1114112K
  class space    used 8916K, committed 9600K, reserved 1048576K
}

