# JRE version: OpenJDK Runtime Environment Temurin-21.0.9+10 (21.0.9+10) (build 21.0.9+10-LTS)
# Java VM: OpenJDK 64-Bit Server VM Temurin-21.0.9+10 (21.0.9+10-LTS, mixed mode, sharing, tiered, compressed oops, compressed class ptrs, parallel gc, windows-amd64)
GC Precious Log:
 CardTable entry size: 512
 CPUs: 8 total, 8 available
 Memory: 16075M
 Large Page Support: Disabled
 NUMA Support: Disabled
 Compressed Oops: Enabled (32-bit)
 Alignments: Space 512K, Generation 512K, Heap 2M
 Heap Min Capacity: 100M
 Heap Initial Capacity: 100M
 Heap Max Capacity: 2G
 Pre-touch: Disabled
 Parallel Workers: 8
Heap:
 PSYoungGen      total 12800K, used 6365K [0x00000000d5580000, 0x00000000d6e00000, 0x0000000100000000)
  eden space 11264K, 42% used [0x00000000d5580000,0x00000000d5a37d60,0x00000000d6080000)
  from space 1536K, 99% used [0x00000000d6580000,0x00000000d66ff790,0x00000000d6700000)
  to   space 5120K, 0% used [0x00000000d6080000,0x00000000d6080000,0x00000000d6580000)
 ParOldGen       total 68608K, used 67463K [0x0000000080000000, 0x0000000084300000, 0x00000000d5580000)
  object space 68608K, 98% used [0x0000000080000000,0x00000000841e1d88,0x0000000084300000)
 Metaspace       used 76942K, committed 78400K, reserved 1179648K
  class space    used 9428K, committed 10112K, reserved 1048576K
GC Heap History (20 events):
Event: 138.667 GC heap before
{Heap before GC invocations=58 (full 3):
 PSYoungGen      total 15872K, used 15871K [0x00000000d5580000, 0x00000000d6700000, 0x0000000100000000)
  eden space 14848K, 100% used [0x00000000d5580000,0x00000000d6400000,0x00000000d6400000)
  from space 1024K, 99% used [0x00000000d6580000,0x00000000d667ffe8,0x00000000d6680000)
  to   space 1536K, 0% used [0x00000000d6400000,0x00000000d6400000,0x00000000d6580000)
 ParOldGen       total 68608K, used 61978K [0x0000000080000000, 0x0000000084300000, 0x00000000d5580000)
  object space 68608K, 90% used [0x0000000080000000,0x0000000083c86bb8,0x0000000084300000)
 Metaspace       used 74140K, committed 75584K, reserved 1179648K
  class space    used 9069K, committed 9728K, reserved 1048576K
}
Event: 138.668 GC heap after
{Heap after GC invocations=58 (full 3):
 PSYoungGen      total 15872K, used 885K [0x00000000d5580000, 0x00000000d6600000, 0x0000000100000000)
  eden space 14848K, 0% used [0x00000000d5580000,0x00000000d5580000,0x00000000d6400000)
  from space 1024K, 86% used [0x00000000d6400000,0x00000000d64dd728,0x00000000d6500000)
  to   space 1024K, 0% used [0x00000000d6500000,0x00000000d6500000,0x00000000d6600000)
 ParOldGen       total 68608K, used 62018K [0x0000000080000000, 0x0000000084300000, 0x00000000d5580000)
  object space 68608K, 90% used [0x0000000080000000,0x0000000083c90bb8,0x0000000084300000)
 Metaspace       used 74140K, committed 75584K, reserved 1179648K
  class space    used 9069K, committed 9728K, reserved 1048576K
}
Event: 138.862 GC heap before
{Heap before GC invocations=59 (full 3):
 PSYoungGen      total 15872K, used 15733K [0x00000000d5580000, 0x00000000d6600000, 0x0000000100000000)
  eden space 14848K, 100% used [0x00000000d5580000,0x00000000d6400000,0x00000000d6400000)
  from space 1024K, 86% used [0x00000000d6400000,0x00000000d64dd728,0x00000000d6500000)
  to   space 1024K, 0% used [0x00000000d6500000,0x00000000d6500000,0x00000000d6600000)
 ParOldGen       total 68608K, used 62018K [0x0000000080000000, 0x0000000084300000, 0x00000000d5580000)
  object space 68608K, 90% used [0x0000000080000000,0x0000000083c90bb8,0x0000000084300000)
 Metaspace       used 74140K, committed 75584K, reserved 1179648K
  class space    used 9069K, committed 9728K, reserved 1048576K
}
Event: 138.863 GC heap after
{Heap after GC invocations=59 (full 3):
 PSYoungGen      total 15360K, used 192K [0x00000000d5580000, 0x00000000d6580000, 0x0000000100000000)
  eden space 14848K, 0% used [0x00000000d5580000,0x00000000d5580000,0x00000000d6400000)
  from space 512K, 37% used [0x00000000d6500000,0x00000000d6530000,0x00000000d6580000)
  to   space 512K, 0% used [0x00000000d6480000,0x00000000d6480000,0x00000000d6500000)
 ParOldGen       total 68608K, used 62155K [0x0000000080000000, 0x0000000084300000, 0x00000000d5580000)
  object space 68608K, 90% used [0x0000000080000000,0x0000000083cb2dd0,0x0000000084300000)
 Metaspace       used 74140K, committed 75584K, reserved 1179648K
  class space    used 9069K, committed 9728K, reserved 1048576K
}
Event: 139.065 GC heap before
{Heap before GC invocations=60 (full 3):
 PSYoungGen      total 15360K, used 15040K [0x00000000d5580000, 0x00000000d6580000, 0x0000000100000000)
  eden space 14848K, 100% used [0x00000000d5580000,0x00000000d6400000,0x00000000d6400000)
  from space 512K, 37% used [0x00000000d6500000,0x00000000d6530000,0x00000000d6580000)
  to   space 512K, 0% used [0x00000000d6480000,0x00000000d6480000,0x00000000d6500000)
 ParOldGen       total 68608K, used 62155K [0x0000000080000000, 0x0000000084300000, 0x00000000d5580000)
  object space 68608K, 90% used [0x0000000080000000,0x0000000083cb2dd0,0x0000000084300000)
 Metaspace       used 74140K, committed 75584K, reserved 1179648K
  class space    used 9069K, committed 9728K, reserved 1048576K
}
Event: 139.066 GC heap after
{Heap after GC invocations=60 (full 3):
 PSYoungGen      total 15360K, used 503K [0x00000000d5580000, 0x00000000d6700000, 0x0000000100000000)
  eden space 14848K, 0% used [0x00000000d5580000,0x00000000d5580000,0x00000000d6400000)
  from space 512K, 98% used [0x00000000d6480000,0x00000000d64fdd88,0x00000000d6500000)
  to   space 1536K, 0% used [0x00000000d6580000,0x00000000d6580000,0x00000000d6700000)
 ParOldGen       total 68608K, used 62773K [0x0000000080000000, 0x0000000084300000, 0x00000000d5580000)
  object space 68608K, 91% used [0x0000000080000000,0x0000000083d4d7c8,0x0000000084300000)
 Metaspace       used 74140K, committed 75584K, reserved 1179648K
  class space    used 9069K, committed 9728K, reserved 1048576K
}
Event: 139.272 GC heap before
{Heap before GC invocations=61 (full 3):
 PSYoungGen      total 15360K, used 15351K [0x00000000d5580000, 0x00000000d6700000, 0x0000000100000000)
  eden space 14848K, 100% used [0x00000000d5580000,0x00000000d6400000,0x00000000d6400000)
  from space 512K, 98% used [0x00000000d6480000,0x00000000d64fdd88,0x00000000d6500000)
  to   space 1536K, 0% used [0x00000000d6580000,0x00000000d6580000,0x00000000d6700000)
 ParOldGen       total 68608K, used 62773K [0x0000000080000000, 0x0000000084300000, 0x00000000d5580000)
  object space 68608K, 91% used [0x0000000080000000,0x0000000083d4d7c8,0x0000000084300000)
 Metaspace       used 74140K, committed 75584K, reserved 1179648K
  class space    used 9069K, committed 9728K, reserved 1048576K
}
Event: 139.274 GC heap after
{Heap after GC invocations=61 (full 3):
 PSYoungGen      total 15360K, used 441K [0x00000000d5580000, 0x00000000d6600000, 0x0000000100000000)
  eden space 14848K, 0% used [0x00000000d5580000,0x00000000d5580000,0x00000000d6400000)
  from space 512K, 86% used [0x00000000d6580000,0x00000000d65ee4d8,0x00000000d6600000)
  to   space 1024K, 0% used [0x00000000d6400000,0x00000000d6400000,0x00000000d6500000)
 ParOldGen       total 68608K, used 62789K [0x0000000080000000, 0x0000000084300000, 0x00000000d5580000)
  object space 68608K, 91% used [0x0000000080000000,0x0000000083d517c8,0x0000000084300000)
 Metaspace       used 74140K, committed 75584K, reserved 1179648K
  class space    used 9069K, committed 9728K, reserved 1048576K
}
Event: 139.612 GC heap before
{Heap before GC invocations=62 (full 3):
 PSYoungGen      total 15360K, used 15289K [0x00000000d5580000, 0x00000000d6600000, 0x0000000100000000)
  eden space 14848K, 100% used [0x00000000d5580000,0x00000000d6400000,0x00000000d6400000)
  from space 512K, 86% used [0x00000000d6580000,0x00000000d65ee4d8,0x00000000d6600000)
  to   space 1024K, 0% used [0x00000000d6400000,0x00000000d6400000,0x00000000d6500000)
 ParOldGen       total 68608K, used 62789K [0x0000000080000000, 0x0000000084300000, 0x00000000d5580000)
  object space 68608K, 91% used [0x0000000080000000,0x0000000083d517c8,0x0000000084300000)
 Metaspace       used 74140K, committed 75584K, reserved 1179648K
  class space    used 9069K, committed 9728K, reserved 1048576K
}
Event: 139.613 GC heap after
{Heap after GC invocations=62 (full 3):
 PSYoungGen      total 15872K, used 385K [0x00000000d5580000, 0x00000000d6600000, 0x0000000100000000)
  eden space 14848K, 0% used [0x00000000d5580000,0x00000000d5580000,0x00000000d6400000)
  from space 1024K, 37% used [0x00000000d6400000,0x00000000d64607e0,0x00000000d6500000)
  to   space 512K, 0% used [0x00000000d6580000,0x00000000d6580000,0x00000000d6600000)
 ParOldGen       total 68608K, used 63165K [0x0000000080000000, 0x0000000084300000, 0x00000000d5580000)
  object space 68608K, 92% used [0x0000000080000000,0x0000000083daf5c0,0x0000000084300000)
 Metaspace       used 74140K, committed 75584K, reserved 1179648K
  class space    used 9069K, committed 9728K, reserved 1048576K
}
Event: 139.836 GC heap before
{Heap before GC invocations=63 (full 3):
 PSYoungGen      total 15872K, used 15233K [0x00000000d5580000, 0x00000000d6600000, 0x0000000100000000)
  eden space 14848K, 100% used [0x00000000d5580000,0x00000000d6400000,0x00000000d6400000)
  from space 1024K, 37% used [0x00000000d6400000,0x00000000d64607e0,0x00000000d6500000)
  to   space 512K, 0% used [0x00000000d6580000,0x00000000d6580000,0x00000000d6600000)
 ParOldGen       total 68608K, used 63165K [0x0000000080000000, 0x0000000084300000, 0x00000000d5580000)
  object space 68608K, 92% used [0x0000000080000000,0x0000000083daf5c0,0x0000000084300000)
 Metaspace       used 74140K, committed 75584K, reserved 1179648K
  class space    used 9069K, committed 9728K, reserved 1048576K
}
Event: 139.838 GC heap after
{Heap after GC invocations=63 (full 3):
 PSYoungGen      total 15360K, used 500K [0x00000000d5580000, 0x00000000d6700000, 0x0000000100000000)
  eden space 14848K, 0% used [0x00000000d5580000,0x00000000d5580000,0x00000000d6400000)
  from space 512K, 97% used [0x00000000d6580000,0x00000000d65fd2f8,0x00000000d6600000)
  to   space 1536K, 0% used [0x00000000d6400000,0x00000000d6400000,0x00000000d6580000)
 ParOldGen       total 68608K, used 63905K [0x0000000080000000, 0x0000000084300000, 0x00000000d5580000)
  object space 68608K, 93% used [0x0000000080000000,0x0000000083e68558,0x0000000084300000)
 Metaspace       used 74140K, committed 75584K, reserved 1179648K
  class space    used 9069K, committed 9728K, reserved 1048576K
}
Event: 140.106 GC heap before
{Heap before GC invocations=64 (full 3):
 PSYoungGen      total 15360K, used 15348K [0x00000000d5580000, 0x00000000d6700000, 0x0000000100000000)
  eden space 14848K, 100% used [0x00000000d5580000,0x00000000d6400000,0x00000000d6400000)
  from space 512K, 97% used [0x00000000d6580000,0x00000000d65fd2f8,0x00000000d6600000)
  to   space 1536K, 0% used [0x00000000d6400000,0x00000000d6400000,0x00000000d6580000)
 ParOldGen       total 68608K, used 63905K [0x0000000080000000, 0x0000000084300000, 0x00000000d5580000)
  object space 68608K, 93% used [0x0000000080000000,0x0000000083e68558,0x0000000084300000)
 Metaspace       used 74464K, committed 75904K, reserved 1179648K
  class space    used 9131K, committed 9792K, reserved 1048576K
}
Event: 140.108 GC heap after
{Heap after GC invocations=64 (full 3):
 PSYoungGen      total 15360K, used 320K [0x00000000d5580000, 0x00000000d6600000, 0x0000000100000000)
  eden space 14848K, 0% used [0x00000000d5580000,0x00000000d5580000,0x00000000d6400000)
  from space 512K, 62% used [0x00000000d6400000,0x00000000d6450010,0x00000000d6480000)
  to   space 1024K, 0% used [0x00000000d6500000,0x00000000d6500000,0x00000000d6600000)
 ParOldGen       total 68608K, used 63945K [0x0000000080000000, 0x0000000084300000, 0x00000000d5580000)
  object space 68608K, 93% used [0x0000000080000000,0x0000000083e72558,0x0000000084300000)
 Metaspace       used 74464K, committed 75904K, reserved 1179648K
  class space    used 9131K, committed 9792K, reserved 1048576K
}
Event: 142.928 GC heap before
{Heap before GC invocations=65 (full 3):
 PSYoungGen      total 15360K, used 15168K [0x00000000d5580000, 0x00000000d6600000, 0x0000000100000000)
  eden space 14848K, 100% used [0x00000000d5580000,0x00000000d6400000,0x00000000d6400000)
  from space 512K, 62% used [0x00000000d6400000,0x00000000d6450010,0x00000000d6480000)
  to   space 1024K, 0% used [0x00000000d6500000,0x00000000d6500000,0x00000000d6600000)
 ParOldGen       total 68608K, used 63945K [0x0000000080000000, 0x0000000084300000, 0x00000000d5580000)
  object space 68608K, 93% used [0x0000000080000000,0x0000000083e72558,0x0000000084300000)
 Metaspace       used 75217K, committed 76608K, reserved 1179648K
  class space    used 9230K, committed 9856K, reserved 1048576K
}
Event: 142.931 GC heap after
{Heap after GC invocations=65 (full 3):
 PSYoungGen      total 15360K, used 435K [0x00000000d5580000, 0x00000000d6580000, 0x0000000100000000)
  eden space 14848K, 0% used [0x00000000d5580000,0x00000000d5580000,0x00000000d6400000)
  from space 512K, 85% used [0x00000000d6500000,0x00000000d656cf60,0x00000000d6580000)
  to   space 512K, 0% used [0x00000000d6400000,0x00000000d6400000,0x00000000d6480000)
 ParOldGen       total 68608K, used 64145K [0x0000000080000000, 0x0000000084300000, 0x00000000d5580000)
  object space 68608K, 93% used [0x0000000080000000,0x0000000083ea4568,0x0000000084300000)
 Metaspace       used 75217K, committed 76608K, reserved 1179648K
  class space    used 9230K, committed 9856K, reserved 1048576K
}
Event: 145.850 GC heap before
{Heap before GC invocations=66 (full 3):
 PSYoungGen      total 15360K, used 15283K [0x00000000d5580000, 0x00000000d6580000, 0x0000000100000000)
  eden space 14848K, 100% used [0x00000000d5580000,0x00000000d6400000,0x00000000d6400000)
  from space 512K, 85% used [0x00000000d6500000,0x00000000d656cf60,0x00000000d6580000)
  to   space 512K, 0% used [0x00000000d6400000,0x00000000d6400000,0x00000000d6480000)
 ParOldGen       total 68608K, used 64145K [0x0000000080000000, 0x0000000084300000, 0x00000000d5580000)
  object space 68608K, 93% used [0x0000000080000000,0x0000000083ea4568,0x0000000084300000)
 Metaspace       used 75923K, committed 77312K, reserved 1179648K
  class space    used 9314K, committed 9920K, reserved 1048576K
}
Event: 145.853 GC heap after
{Heap after GC invocations=66 (full 3):
 PSYoungGen      total 15360K, used 504K [0x00000000d5580000, 0x00000000d6700000, 0x0000000100000000)
  eden space 14848K, 0% used [0x00000000d5580000,0x00000000d5580000,0x00000000d6400000)
  from space 512K, 98% used [0x00000000d6400000,0x00000000d647e1a8,0x00000000d6480000)
  to   space 1536K, 0% used [0x00000000d6580000,0x00000000d6580000,0x00000000d6700000)
 ParOldGen       total 68608K, used 64757K [0x0000000080000000, 0x0000000084300000, 0x00000000d5580000)
  object space 68608K, 94% used [0x0000000080000000,0x0000000083f3d4c8,0x0000000084300000)
 Metaspace       used 75923K, committed 77312K, reserved 1179648K
  class space    used 9314K, committed 9920K, reserved 1048576K
}
Event: 147.784 GC heap before
{Heap before GC invocations=67 (full 3):
 PSYoungGen      total 15360K, used 15352K [0x00000000d5580000, 0x00000000d6700000, 0x0000000100000000)
  eden space 14848K, 100% used [0x00000000d5580000,0x00000000d6400000,0x00000000d6400000)
  from space 512K, 98% used [0x00000000d6400000,0x00000000d647e1a8,0x00000000d6480000)
  to   space 1536K, 0% used [0x00000000d6580000,0x00000000d6580000,0x00000000d6700000)
 ParOldGen       total 68608K, used 64757K [0x0000000080000000, 0x0000000084300000, 0x00000000d5580000)
  object space 68608K, 94% used [0x0000000080000000,0x0000000083f3d4c8,0x0000000084300000)
 Metaspace       used 76465K, committed 77952K, reserved 1179648K
  class space    used 9366K, committed 10048K, reserved 1048576K
}
Event: 147.791 GC heap after
{Heap after GC invocations=67 (full 3):
 PSYoungGen      total 12800K, used 1533K [0x00000000d5580000, 0x00000000d6e00000, 0x0000000100000000)
  eden space 11264K, 0% used [0x00000000d5580000,0x00000000d5580000,0x00000000d6080000)
  from space 1536K, 99% used [0x00000000d6580000,0x00000000d66ff790,0x00000000d6700000)
  to   space 5120K, 0% used [0x00000000d6080000,0x00000000d6080000,0x00000000d6580000)
 ParOldGen       total 68608K, used 67463K [0x0000000080000000, 0x0000000084300000, 0x00000000d5580000)
  object space 68608K, 98% used [0x0000000080000000,0x00000000841e1d88,0x0000000084300000)
 Metaspace       used 76465K, committed 77952K, reserved 1179648K
  class space    used 9366K, committed 10048K, reserved 1048576K
}

