# JRE version: OpenJDK Runtime Environment Temurin-21.0.9+10 (21.0.9+10) (build 21.0.9+10-LTS)
# Java VM: OpenJDK 64-Bit Server VM Temurin-21.0.9+10 (21.0.9+10-LTS, mixed mode, sharing, tiered, compressed oops, compressed class ptrs, parallel gc, windows-amd64)
GC Precious Log:
 CardTable entry size: 512
 CPUs: 8 total, 8 available
 Memory: 16075M
 Large Page Support: Disabled
 NUMA Support: Disabled
 Compressed Oops: Enabled (32-bit)
 Alignments: Space 512K, Generation 512K, Heap 2M
 Heap Min Capacity: 100M
 Heap Initial Capacity: 100M
 Heap Max Capacity: 2G
 Pre-touch: Disabled
 Parallel Workers: 8
Heap:
 PSYoungGen      total 26624K, used 11401K [0x00000000d5580000, 0x00000000d7580000, 0x0000000100000000)
  eden space 22016K, 48% used [0x00000000d5580000,0x00000000d5fee788,0x00000000d6b00000)
  from space 4608K, 15% used [0x00000000d6c80000,0x00000000d6d34010,0x00000000d7100000)
  to   space 2048K, 0% used [0x00000000d7380000,0x00000000d7380000,0x00000000d7580000)
 ParOldGen       total 68608K, used 41127K [0x0000000080000000, 0x0000000084300000, 0x00000000d5580000)
  object space 68608K, 59% used [0x0000000080000000,0x0000000082829c90,0x0000000084300000)
 Metaspace       used 55773K, committed 57088K, reserved 1114112K
  class space    used 6573K, committed 7168K, reserved 1048576K
GC Heap History (20 events):
Event: 11.968 GC heap before
{Heap before GC invocations=18 (full 2):
 PSYoungGen      total 23040K, used 23001K [0x00000000d5580000, 0x00000000d7000000, 0x0000000100000000)
  eden space 22016K, 99% used [0x00000000d5580000,0x00000000d6af6f60,0x00000000d6b00000)
  from space 1024K, 99% used [0x00000000d6e00000,0x00000000d6eff6e0,0x00000000d6f00000)
  to   space 1024K, 0% used [0x00000000d6f00000,0x00000000d6f00000,0x00000000d7000000)
 ParOldGen       total 68608K, used 19830K [0x0000000080000000, 0x0000000084300000, 0x00000000d5580000)
  object space 68608K, 28% used [0x0000000080000000,0x000000008135db40,0x0000000084300000)
 Metaspace       used 40126K, committed 41216K, reserved 1114112K
  class space    used 4288K, committed 4800K, reserved 1048576K
}
Event: 11.973 GC heap after
{Heap after GC invocations=18 (full 2):
 PSYoungGen      total 23040K, used 1023K [0x00000000d5580000, 0x00000000d7200000, 0x0000000100000000)
  eden space 22016K, 0% used [0x00000000d5580000,0x00000000d5580000,0x00000000d6b00000)
  from space 1024K, 99% used [0x00000000d6f00000,0x00000000d6fffec0,0x00000000d7000000)
  to   space 3584K, 0% used [0x00000000d6b00000,0x00000000d6b00000,0x00000000d6e80000)
 ParOldGen       total 68608K, used 21707K [0x0000000080000000, 0x0000000084300000, 0x00000000d5580000)
  object space 68608K, 31% used [0x0000000080000000,0x0000000081532fe8,0x0000000084300000)
 Metaspace       used 40126K, committed 41216K, reserved 1114112K
  class space    used 4288K, committed 4800K, reserved 1048576K
}
Event: 12.497 GC heap before
{Heap before GC invocations=19 (full 2):
 PSYoungGen      total 23040K, used 23039K [0x00000000d5580000, 0x00000000d7200000, 0x0000000100000000)
  eden space 22016K, 100% used [0x00000000d5580000,0x00000000d6b00000,0x00000000d6b00000)
  from space 1024K, 99% used [0x00000000d6f00000,0x00000000d6fffec0,0x00000000d7000000)
  to   space 3584K, 0% used [0x00000000d6b00000,0x00000000d6b00000,0x00000000d6e80000)
 ParOldGen       total 68608K, used 21711K [0x0000000080000000, 0x0000000084300000, 0x00000000d5580000)
  object space 68608K, 31% used [0x0000000080000000,0x0000000081533d58,0x0000000084300000)
 Metaspace       used 42694K, committed 43776K, reserved 1114112K
  class space    used 4670K, committed 5184K, reserved 1048576K
}
Event: 12.500 GC heap after
{Heap after GC invocations=19 (full 2):
 PSYoungGen      total 23040K, used 1024K [0x00000000d5580000, 0x00000000d6f80000, 0x0000000100000000)
  eden space 22016K, 0% used [0x00000000d5580000,0x00000000d5580000,0x00000000d6b00000)
  from space 1024K, 100% used [0x00000000d6b00000,0x00000000d6c00000,0x00000000d6c00000)
  to   space 2048K, 0% used [0x00000000d6d80000,0x00000000d6d80000,0x00000000d6f80000)
 ParOldGen       total 68608K, used 22591K [0x0000000080000000, 0x0000000084300000, 0x00000000d5580000)
  object space 68608K, 32% used [0x0000000080000000,0x000000008160fd58,0x0000000084300000)
 Metaspace       used 42694K, committed 43776K, reserved 1114112K
  class space    used 4670K, committed 5184K, reserved 1048576K
}
Event: 13.880 GC heap before
{Heap before GC invocations=20 (full 2):
 PSYoungGen      total 23040K, used 23040K [0x00000000d5580000, 0x00000000d6f80000, 0x0000000100000000)
  eden space 22016K, 100% used [0x00000000d5580000,0x00000000d6b00000,0x00000000d6b00000)
  from space 1024K, 100% used [0x00000000d6b00000,0x00000000d6c00000,0x00000000d6c00000)
  to   space 2048K, 0% used [0x00000000d6d80000,0x00000000d6d80000,0x00000000d6f80000)
 ParOldGen       total 68608K, used 22591K [0x0000000080000000, 0x0000000084300000, 0x00000000d5580000)
  object space 68608K, 32% used [0x0000000080000000,0x000000008160fd58,0x0000000084300000)
 Metaspace       used 44921K, committed 46080K, reserved 1114112K
  class space    used 4959K, committed 5504K, reserved 1048576K
}
Event: 13.885 GC heap after
{Heap after GC invocations=20 (full 2):
 PSYoungGen      total 24064K, used 1696K [0x00000000d5580000, 0x00000000d6f80000, 0x0000000100000000)
  eden space 22016K, 0% used [0x00000000d5580000,0x00000000d5580000,0x00000000d6b00000)
  from space 2048K, 82% used [0x00000000d6d80000,0x00000000d6f28000,0x00000000d6f80000)
  to   space 2048K, 0% used [0x00000000d6b80000,0x00000000d6b80000,0x00000000d6d80000)
 ParOldGen       total 68608K, used 23390K [0x0000000080000000, 0x0000000084300000, 0x00000000d5580000)
  object space 68608K, 34% used [0x0000000080000000,0x00000000816d7a58,0x0000000084300000)
 Metaspace       used 44921K, committed 46080K, reserved 1114112K
  class space    used 4959K, committed 5504K, reserved 1048576K
}
Event: 15.254 GC heap before
{Heap before GC invocations=21 (full 2):
 PSYoungGen      total 24064K, used 23712K [0x00000000d5580000, 0x00000000d6f80000, 0x0000000100000000)
  eden space 22016K, 100% used [0x00000000d5580000,0x00000000d6b00000,0x00000000d6b00000)
  from space 2048K, 82% used [0x00000000d6d80000,0x00000000d6f28000,0x00000000d6f80000)
  to   space 2048K, 0% used [0x00000000d6b80000,0x00000000d6b80000,0x00000000d6d80000)
 ParOldGen       total 68608K, used 23390K [0x0000000080000000, 0x0000000084300000, 0x00000000d5580000)
  object space 68608K, 34% used [0x0000000080000000,0x00000000816d7a58,0x0000000084300000)
 Metaspace       used 46355K, committed 47552K, reserved 1114112K
  class space    used 5150K, committed 5696K, reserved 1048576K
}
Event: 15.263 GC heap after
{Heap after GC invocations=21 (full 2):
 PSYoungGen      total 24064K, used 2022K [0x00000000d5580000, 0x00000000d8200000, 0x0000000100000000)
  eden space 22016K, 0% used [0x00000000d5580000,0x00000000d5580000,0x00000000d6b00000)
  from space 2048K, 98% used [0x00000000d6b80000,0x00000000d6d79a88,0x00000000d6d80000)
  to   space 11776K, 0% used [0x00000000d7680000,0x00000000d7680000,0x00000000d8200000)
 ParOldGen       total 68608K, used 31402K [0x0000000080000000, 0x0000000084300000, 0x00000000d5580000)
  object space 68608K, 45% used [0x0000000080000000,0x0000000081eaa8d0,0x0000000084300000)
 Metaspace       used 46355K, committed 47552K, reserved 1114112K
  class space    used 5150K, committed 5696K, reserved 1048576K
}
Event: 15.778 GC heap before
{Heap before GC invocations=22 (full 2):
 PSYoungGen      total 24064K, used 24038K [0x00000000d5580000, 0x00000000d8200000, 0x0000000100000000)
  eden space 22016K, 99% used [0x00000000d5580000,0x00000000d6affe40,0x00000000d6b00000)
  from space 2048K, 98% used [0x00000000d6b80000,0x00000000d6d79a88,0x00000000d6d80000)
  to   space 11776K, 0% used [0x00000000d7680000,0x00000000d7680000,0x00000000d8200000)
 ParOldGen       total 68608K, used 31402K [0x0000000080000000, 0x0000000084300000, 0x00000000d5580000)
  object space 68608K, 45% used [0x0000000080000000,0x0000000081eaa8d0,0x0000000084300000)
 Metaspace       used 48864K, committed 50048K, reserved 1114112K
  class space    used 5495K, committed 6016K, reserved 1048576K
}
Event: 15.782 GC heap after
{Heap after GC invocations=22 (full 2):
 PSYoungGen      total 23552K, used 1031K [0x00000000d5580000, 0x00000000d7800000, 0x0000000100000000)
  eden space 22016K, 0% used [0x00000000d5580000,0x00000000d5580000,0x00000000d6b00000)
  from space 1536K, 67% used [0x00000000d7680000,0x00000000d7781ca8,0x00000000d7800000)
  to   space 4608K, 0% used [0x00000000d6f00000,0x00000000d6f00000,0x00000000d7380000)
 ParOldGen       total 68608K, used 33416K [0x0000000080000000, 0x0000000084300000, 0x00000000d5580000)
  object space 68608K, 48% used [0x0000000080000000,0x00000000820a2208,0x0000000084300000)
 Metaspace       used 48864K, committed 50048K, reserved 1114112K
  class space    used 5495K, committed 6016K, reserved 1048576K
}
Event: 16.220 GC heap before
{Heap before GC invocations=23 (full 2):
 PSYoungGen      total 23552K, used 23047K [0x00000000d5580000, 0x00000000d7800000, 0x0000000100000000)
  eden space 22016K, 99% used [0x00000000d5580000,0x00000000d6afff88,0x00000000d6b00000)
  from space 1536K, 67% used [0x00000000d7680000,0x00000000d7781ca8,0x00000000d7800000)
  to   space 4608K, 0% used [0x00000000d6f00000,0x00000000d6f00000,0x00000000d7380000)
 ParOldGen       total 68608K, used 33420K [0x0000000080000000, 0x0000000084300000, 0x00000000d5580000)
  object space 68608K, 48% used [0x0000000080000000,0x00000000820a3350,0x0000000084300000)
 Metaspace       used 50229K, committed 51392K, reserved 1114112K
  class space    used 5691K, committed 6208K, reserved 1048576K
}
Event: 16.223 GC heap after
{Heap after GC invocations=23 (full 2):
 PSYoungGen      total 26624K, used 992K [0x00000000d5580000, 0x00000000d7700000, 0x0000000100000000)
  eden space 22016K, 0% used [0x00000000d5580000,0x00000000d5580000,0x00000000d6b00000)
  from space 4608K, 21% used [0x00000000d6f00000,0x00000000d6ff8000,0x00000000d7380000)
  to   space 2048K, 0% used [0x00000000d7500000,0x00000000d7500000,0x00000000d7700000)
 ParOldGen       total 68608K, used 34314K [0x0000000080000000, 0x0000000084300000, 0x00000000d5580000)
  object space 68608K, 50% used [0x0000000080000000,0x0000000082182800,0x0000000084300000)
 Metaspace       used 50229K, committed 51392K, reserved 1114112K
  class space    used 5691K, committed 6208K, reserved 1048576K
}
Event: 17.037 GC heap before
{Heap before GC invocations=24 (full 2):
 PSYoungGen      total 26624K, used 23008K [0x00000000d5580000, 0x00000000d7700000, 0x0000000100000000)
  eden space 22016K, 100% used [0x00000000d5580000,0x00000000d6b00000,0x00000000d6b00000)
  from space 4608K, 21% used [0x00000000d6f00000,0x00000000d6ff8000,0x00000000d7380000)
  to   space 2048K, 0% used [0x00000000d7500000,0x00000000d7500000,0x00000000d7700000)
 ParOldGen       total 68608K, used 34316K [0x0000000080000000, 0x0000000084300000, 0x00000000d5580000)
  object space 68608K, 50% used [0x0000000080000000,0x0000000082183338,0x0000000084300000)
 Metaspace       used 51062K, committed 52288K, reserved 1114112K
  class space    used 5784K, committed 6336K, reserved 1048576K
}
Event: 17.039 GC heap after
{Heap after GC invocations=24 (full 2):
 PSYoungGen      total 23040K, used 544K [0x00000000d5580000, 0x00000000d7600000, 0x0000000100000000)
  eden space 22016K, 0% used [0x00000000d5580000,0x00000000d5580000,0x00000000d6b00000)
  from space 1024K, 53% used [0x00000000d7500000,0x00000000d7588000,0x00000000d7600000)
  to   space 1024K, 0% used [0x00000000d7400000,0x00000000d7400000,0x00000000d7500000)
 ParOldGen       total 68608K, used 35114K [0x0000000080000000, 0x0000000084300000, 0x00000000d5580000)
  object space 68608K, 51% used [0x0000000080000000,0x000000008224aaa8,0x0000000084300000)
 Metaspace       used 51062K, committed 52288K, reserved 1114112K
  class space    used 5784K, committed 6336K, reserved 1048576K
}
Event: 18.828 GC heap before
{Heap before GC invocations=25 (full 2):
 PSYoungGen      total 23040K, used 22560K [0x00000000d5580000, 0x00000000d7600000, 0x0000000100000000)
  eden space 22016K, 100% used [0x00000000d5580000,0x00000000d6b00000,0x00000000d6b00000)
  from space 1024K, 53% used [0x00000000d7500000,0x00000000d7588000,0x00000000d7600000)
  to   space 1024K, 0% used [0x00000000d7400000,0x00000000d7400000,0x00000000d7500000)
 ParOldGen       total 68608K, used 35114K [0x0000000080000000, 0x0000000084300000, 0x00000000d5580000)
  object space 68608K, 51% used [0x0000000080000000,0x000000008224aaa8,0x0000000084300000)
 Metaspace       used 51083K, committed 52288K, reserved 1114112K
  class space    used 5784K, committed 6336K, reserved 1048576K
}
Event: 18.830 GC heap after
{Heap after GC invocations=25 (full 2):
 PSYoungGen      total 23040K, used 1020K [0x00000000d5580000, 0x00000000d7580000, 0x0000000100000000)
  eden space 22016K, 0% used [0x00000000d5580000,0x00000000d5580000,0x00000000d6b00000)
  from space 1024K, 99% used [0x00000000d7400000,0x00000000d74ff2e8,0x00000000d7500000)
  to   space 512K, 0% used [0x00000000d7500000,0x00000000d7500000,0x00000000d7580000)
 ParOldGen       total 68608K, used 37191K [0x0000000080000000, 0x0000000084300000, 0x00000000d5580000)
  object space 68608K, 54% used [0x0000000080000000,0x0000000082451c50,0x0000000084300000)
 Metaspace       used 51083K, committed 52288K, reserved 1114112K
  class space    used 5784K, committed 6336K, reserved 1048576K
}
Event: 19.247 GC heap before
{Heap before GC invocations=26 (full 2):
 PSYoungGen      total 23040K, used 23036K [0x00000000d5580000, 0x00000000d7580000, 0x0000000100000000)
  eden space 22016K, 100% used [0x00000000d5580000,0x00000000d6b00000,0x00000000d6b00000)
  from space 1024K, 99% used [0x00000000d7400000,0x00000000d74ff2e8,0x00000000d7500000)
  to   space 512K, 0% used [0x00000000d7500000,0x00000000d7500000,0x00000000d7580000)
 ParOldGen       total 68608K, used 37191K [0x0000000080000000, 0x0000000084300000, 0x00000000d5580000)
  object space 68608K, 54% used [0x0000000080000000,0x0000000082451c50,0x0000000084300000)
 Metaspace       used 51976K, committed 53312K, reserved 1114112K
  class space    used 5971K, committed 6592K, reserved 1048576K
}
Event: 19.249 GC heap after
{Heap after GC invocations=26 (full 2):
 PSYoungGen      total 22528K, used 506K [0x00000000d5580000, 0x00000000d7580000, 0x0000000100000000)
  eden space 22016K, 0% used [0x00000000d5580000,0x00000000d5580000,0x00000000d6b00000)
  from space 512K, 98% used [0x00000000d7500000,0x00000000d757ea68,0x00000000d7580000)
  to   space 4608K, 0% used [0x00000000d6c80000,0x00000000d6c80000,0x00000000d7100000)
 ParOldGen       total 68608K, used 40604K [0x0000000080000000, 0x0000000084300000, 0x00000000d5580000)
  object space 68608K, 59% used [0x0000000080000000,0x00000000827a7208,0x0000000084300000)
 Metaspace       used 51976K, committed 53312K, reserved 1114112K
  class space    used 5971K, committed 6592K, reserved 1048576K
}
Event: 19.751 GC heap before
{Heap before GC invocations=27 (full 2):
 PSYoungGen      total 22528K, used 22522K [0x00000000d5580000, 0x00000000d7580000, 0x0000000100000000)
  eden space 22016K, 100% used [0x00000000d5580000,0x00000000d6b00000,0x00000000d6b00000)
  from space 512K, 98% used [0x00000000d7500000,0x00000000d757ea68,0x00000000d7580000)
  to   space 4608K, 0% used [0x00000000d6c80000,0x00000000d6c80000,0x00000000d7100000)
 ParOldGen       total 68608K, used 40604K [0x0000000080000000, 0x0000000084300000, 0x00000000d5580000)
  object space 68608K, 59% used [0x0000000080000000,0x00000000827a7208,0x0000000084300000)
 Metaspace       used 54487K, committed 55808K, reserved 1114112K
  class space    used 6380K, committed 6976K, reserved 1048576K
}
Event: 19.753 GC heap after
{Heap after GC invocations=27 (full 2):
 PSYoungGen      total 26624K, used 720K [0x00000000d5580000, 0x00000000d7580000, 0x0000000100000000)
  eden space 22016K, 0% used [0x00000000d5580000,0x00000000d5580000,0x00000000d6b00000)
  from space 4608K, 15% used [0x00000000d6c80000,0x00000000d6d34010,0x00000000d7100000)
  to   space 2048K, 0% used [0x00000000d7380000,0x00000000d7380000,0x00000000d7580000)
 ParOldGen       total 68608K, used 41127K [0x0000000080000000, 0x0000000084300000, 0x00000000d5580000)
  object space 68608K, 59% used [0x0000000080000000,0x0000000082829c90,0x0000000084300000)
 Metaspace       used 54487K, committed 55808K, reserved 1114112K
  class space    used 6380K, committed 6976K, reserved 1048576K
}

