# JRE version: OpenJDK Runtime Environment Temurin-21.0.9+10 (21.0.9+10) (build 21.0.9+10-LTS)
# Java VM: OpenJDK 64-Bit Server VM Temurin-21.0.9+10 (21.0.9+10-LTS, mixed mode, sharing, tiered, compressed oops, compressed class ptrs, parallel gc, windows-amd64)
GC Precious Log:
 CardTable entry size: 512
 CPUs: 8 total, 8 available
 Memory: 16075M
 Large Page Support: Disabled
 NUMA Support: Disabled
 Compressed Oops: Enabled (32-bit)
 Alignments: Space 512K, Generation 512K, Heap 2M
 Heap Min Capacity: 100M
 Heap Initial Capacity: 100M
 Heap Max Capacity: 2G
 Pre-touch: Disabled
 Parallel Workers: 8
Heap:
 PSYoungGen      total 5632K, used 4984K [0x00000000d5580000, 0x00000000d6180000, 0x0000000100000000)
  eden space 5120K, 87% used [0x00000000d5580000,0x00000000d59e04d8,0x00000000d5a80000)
  from space 512K, 98% used [0x00000000d5a80000,0x00000000d5afded0,0x00000000d5b00000)
  to   space 3072K, 0% used [0x00000000d5e80000,0x00000000d5e80000,0x00000000d6180000)
 ParOldGen       total 456704K, used 456252K [0x0000000080000000, 0x000000009be00000, 0x00000000d5580000)
  object space 456704K, 99% used [0x0000000080000000,0x000000009bd8f240,0x000000009be00000)
 Metaspace       used 91449K, committed 93248K, reserved 1179648K
  class space    used 10769K, committed 11584K, reserved 1048576K
GC Heap History (20 events):
Event: 211.359 GC heap before
{Heap before GC invocations=1657 (full 4):
 PSYoungGen      total 5632K, used 5312K [0x00000000d5580000, 0x00000000d5c00000, 0x0000000100000000)
  eden space 5120K, 100% used [0x00000000d5580000,0x00000000d5a80000,0x00000000d5a80000)
  from space 512K, 37% used [0x00000000d5b80000,0x00000000d5bb0000,0x00000000d5c00000)
  to   space 512K, 0% used [0x00000000d5a80000,0x00000000d5a80000,0x00000000d5b00000)
 ParOldGen       total 451584K, used 451529K [0x0000000080000000, 0x000000009b900000, 0x00000000d5580000)
  object space 451584K, 99% used [0x0000000080000000,0x000000009b8f24b0,0x000000009b900000)
 Metaspace       used 91228K, committed 92992K, reserved 1179648K
  class space    used 10721K, committed 11520K, reserved 1048576K
}
Event: 211.361 GC heap after
{Heap after GC invocations=1657 (full 4):
 PSYoungGen      total 5632K, used 268K [0x00000000d5580000, 0x00000000d5c00000, 0x0000000100000000)
  eden space 5120K, 0% used [0x00000000d5580000,0x00000000d5580000,0x00000000d5a80000)
  from space 512K, 52% used [0x00000000d5a80000,0x00000000d5ac3138,0x00000000d5b00000)
  to   space 512K, 0% used [0x00000000d5b80000,0x00000000d5b80000,0x00000000d5c00000)
 ParOldGen       total 452096K, used 451633K [0x0000000080000000, 0x000000009b980000, 0x00000000d5580000)
  object space 452096K, 99% used [0x0000000080000000,0x000000009b90c4b0,0x000000009b980000)
 Metaspace       used 91228K, committed 92992K, reserved 1179648K
  class space    used 10721K, committed 11520K, reserved 1048576K
}
Event: 211.379 GC heap before
{Heap before GC invocations=1658 (full 4):
 PSYoungGen      total 5632K, used 5388K [0x00000000d5580000, 0x00000000d5c00000, 0x0000000100000000)
  eden space 5120K, 100% used [0x00000000d5580000,0x00000000d5a80000,0x00000000d5a80000)
  from space 512K, 52% used [0x00000000d5a80000,0x00000000d5ac3138,0x00000000d5b00000)
  to   space 512K, 0% used [0x00000000d5b80000,0x00000000d5b80000,0x00000000d5c00000)
 ParOldGen       total 452096K, used 451633K [0x0000000080000000, 0x000000009b980000, 0x00000000d5580000)
  object space 452096K, 99% used [0x0000000080000000,0x000000009b90c4b0,0x000000009b980000)
 Metaspace       used 91228K, committed 92992K, reserved 1179648K
  class space    used 10721K, committed 11520K, reserved 1048576K
}
Event: 211.380 GC heap after
{Heap after GC invocations=1658 (full 4):
 PSYoungGen      total 5632K, used 288K [0x00000000d5580000, 0x00000000d5c00000, 0x0000000100000000)
  eden space 5120K, 0% used [0x00000000d5580000,0x00000000d5580000,0x00000000d5a80000)
  from space 512K, 56% used [0x00000000d5b80000,0x00000000d5bc8000,0x00000000d5c00000)
  to   space 512K, 0% used [0x00000000d5a80000,0x00000000d5a80000,0x00000000d5b00000)
 ParOldGen       total 452096K, used 451745K [0x0000000080000000, 0x000000009b980000, 0x00000000d5580000)
  object space 452096K, 99% used [0x0000000080000000,0x000000009b9284b0,0x000000009b980000)
 Metaspace       used 91228K, committed 92992K, reserved 1179648K
  class space    used 10721K, committed 11520K, reserved 1048576K
}
Event: 211.400 GC heap before
{Heap before GC invocations=1659 (full 4):
 PSYoungGen      total 5632K, used 5408K [0x00000000d5580000, 0x00000000d5c00000, 0x0000000100000000)
  eden space 5120K, 100% used [0x00000000d5580000,0x00000000d5a80000,0x00000000d5a80000)
  from space 512K, 56% used [0x00000000d5b80000,0x00000000d5bc8000,0x00000000d5c00000)
  to   space 512K, 0% used [0x00000000d5a80000,0x00000000d5a80000,0x00000000d5b00000)
 ParOldGen       total 452096K, used 451745K [0x0000000080000000, 0x000000009b980000, 0x00000000d5580000)
  object space 452096K, 99% used [0x0000000080000000,0x000000009b9284b0,0x000000009b980000)
 Metaspace       used 91228K, committed 92992K, reserved 1179648K
  class space    used 10721K, committed 11520K, reserved 1048576K
}
Event: 211.404 GC heap after
{Heap after GC invocations=1659 (full 4):
 PSYoungGen      total 5632K, used 320K [0x00000000d5580000, 0x00000000d5c00000, 0x0000000100000000)
  eden space 5120K, 0% used [0x00000000d5580000,0x00000000d5580000,0x00000000d5a80000)
  from space 512K, 62% used [0x00000000d5a80000,0x00000000d5ad0000,0x00000000d5b00000)
  to   space 512K, 0% used [0x00000000d5b80000,0x00000000d5b80000,0x00000000d5c00000)
 ParOldGen       total 452096K, used 451881K [0x0000000080000000, 0x000000009b980000, 0x00000000d5580000)
  object space 452096K, 99% used [0x0000000080000000,0x000000009b94a4b0,0x000000009b980000)
 Metaspace       used 91228K, committed 92992K, reserved 1179648K
  class space    used 10721K, committed 11520K, reserved 1048576K
}
Event: 211.418 GC heap before
{Heap before GC invocations=1660 (full 4):
 PSYoungGen      total 5632K, used 5440K [0x00000000d5580000, 0x00000000d5c00000, 0x0000000100000000)
  eden space 5120K, 100% used [0x00000000d5580000,0x00000000d5a80000,0x00000000d5a80000)
  from space 512K, 62% used [0x00000000d5a80000,0x00000000d5ad0000,0x00000000d5b00000)
  to   space 512K, 0% used [0x00000000d5b80000,0x00000000d5b80000,0x00000000d5c00000)
 ParOldGen       total 452096K, used 451881K [0x0000000080000000, 0x000000009b980000, 0x00000000d5580000)
  object space 452096K, 99% used [0x0000000080000000,0x000000009b94a4b0,0x000000009b980000)
 Metaspace       used 91228K, committed 92992K, reserved 1179648K
  class space    used 10721K, committed 11520K, reserved 1048576K
}
Event: 211.420 GC heap after
{Heap after GC invocations=1660 (full 4):
 PSYoungGen      total 5632K, used 338K [0x00000000d5580000, 0x00000000d5c00000, 0x0000000100000000)
  eden space 5120K, 0% used [0x00000000d5580000,0x00000000d5580000,0x00000000d5a80000)
  from space 512K, 66% used [0x00000000d5b80000,0x00000000d5bd4940,0x00000000d5c00000)
  to   space 512K, 0% used [0x00000000d5a80000,0x00000000d5a80000,0x00000000d5b00000)
 ParOldGen       total 452096K, used 452017K [0x0000000080000000, 0x000000009b980000, 0x00000000d5580000)
  object space 452096K, 99% used [0x0000000080000000,0x000000009b96c4b0,0x000000009b980000)
 Metaspace       used 91228K, committed 92992K, reserved 1179648K
  class space    used 10721K, committed 11520K, reserved 1048576K
}
Event: 211.434 GC heap before
{Heap before GC invocations=1661 (full 4):
 PSYoungGen      total 5632K, used 5458K [0x00000000d5580000, 0x00000000d5c00000, 0x0000000100000000)
  eden space 5120K, 100% used [0x00000000d5580000,0x00000000d5a80000,0x00000000d5a80000)
  from space 512K, 66% used [0x00000000d5b80000,0x00000000d5bd4940,0x00000000d5c00000)
  to   space 512K, 0% used [0x00000000d5a80000,0x00000000d5a80000,0x00000000d5b00000)
 ParOldGen       total 452096K, used 452017K [0x0000000080000000, 0x000000009b980000, 0x00000000d5580000)
  object space 452096K, 99% used [0x0000000080000000,0x000000009b96c4b0,0x000000009b980000)
 Metaspace       used 91228K, committed 92992K, reserved 1179648K
  class space    used 10721K, committed 11520K, reserved 1048576K
}
Event: 211.436 GC heap after
{Heap after GC invocations=1661 (full 4):
 PSYoungGen      total 5632K, used 336K [0x00000000d5580000, 0x00000000d5c00000, 0x0000000100000000)
  eden space 5120K, 0% used [0x00000000d5580000,0x00000000d5580000,0x00000000d5a80000)
  from space 512K, 65% used [0x00000000d5a80000,0x00000000d5ad43f8,0x00000000d5b00000)
  to   space 512K, 0% used [0x00000000d5b80000,0x00000000d5b80000,0x00000000d5c00000)
 ParOldGen       total 452608K, used 452113K [0x0000000080000000, 0x000000009ba00000, 0x00000000d5580000)
  object space 452608K, 99% used [0x0000000080000000,0x000000009b9844b0,0x000000009ba00000)
 Metaspace       used 91228K, committed 92992K, reserved 1179648K
  class space    used 10721K, committed 11520K, reserved 1048576K
}
Event: 211.455 GC heap before
{Heap before GC invocations=1662 (full 4):
 PSYoungGen      total 5632K, used 5456K [0x00000000d5580000, 0x00000000d5c00000, 0x0000000100000000)
  eden space 5120K, 100% used [0x00000000d5580000,0x00000000d5a80000,0x00000000d5a80000)
  from space 512K, 65% used [0x00000000d5a80000,0x00000000d5ad43f8,0x00000000d5b00000)
  to   space 512K, 0% used [0x00000000d5b80000,0x00000000d5b80000,0x00000000d5c00000)
 ParOldGen       total 452608K, used 452113K [0x0000000080000000, 0x000000009ba00000, 0x00000000d5580000)
  object space 452608K, 99% used [0x0000000080000000,0x000000009b9844b0,0x000000009ba00000)
 Metaspace       used 91228K, committed 92992K, reserved 1179648K
  class space    used 10721K, committed 11520K, reserved 1048576K
}
Event: 211.457 GC heap after
{Heap after GC invocations=1662 (full 4):
 PSYoungGen      total 5632K, used 384K [0x00000000d5580000, 0x00000000d5c00000, 0x0000000100000000)
  eden space 5120K, 0% used [0x00000000d5580000,0x00000000d5580000,0x00000000d5a80000)
  from space 512K, 75% used [0x00000000d5b80000,0x00000000d5be0230,0x00000000d5c00000)
  to   space 512K, 0% used [0x00000000d5a80000,0x00000000d5a80000,0x00000000d5b00000)
 ParOldGen       total 452608K, used 452241K [0x0000000080000000, 0x000000009ba00000, 0x00000000d5580000)
  object space 452608K, 99% used [0x0000000080000000,0x000000009b9a44b0,0x000000009ba00000)
 Metaspace       used 91228K, committed 92992K, reserved 1179648K
  class space    used 10721K, committed 11520K, reserved 1048576K
}
Event: 211.472 GC heap before
{Heap before GC invocations=1663 (full 4):
 PSYoungGen      total 5632K, used 5504K [0x00000000d5580000, 0x00000000d5c00000, 0x0000000100000000)
  eden space 5120K, 100% used [0x00000000d5580000,0x00000000d5a80000,0x00000000d5a80000)
  from space 512K, 75% used [0x00000000d5b80000,0x00000000d5be0230,0x00000000d5c00000)
  to   space 512K, 0% used [0x00000000d5a80000,0x00000000d5a80000,0x00000000d5b00000)
 ParOldGen       total 452608K, used 452241K [0x0000000080000000, 0x000000009ba00000, 0x00000000d5580000)
  object space 452608K, 99% used [0x0000000080000000,0x000000009b9a44b0,0x000000009ba00000)
 Metaspace       used 91228K, committed 92992K, reserved 1179648K
  class space    used 10721K, committed 11520K, reserved 1048576K
}
Event: 211.475 GC heap after
{Heap after GC invocations=1663 (full 4):
 PSYoungGen      total 5632K, used 363K [0x00000000d5580000, 0x00000000d5c00000, 0x0000000100000000)
  eden space 5120K, 0% used [0x00000000d5580000,0x00000000d5580000,0x00000000d5a80000)
  from space 512K, 71% used [0x00000000d5a80000,0x00000000d5adafb0,0x00000000d5b00000)
  to   space 512K, 0% used [0x00000000d5b80000,0x00000000d5b80000,0x00000000d5c00000)
 ParOldGen       total 452608K, used 452377K [0x0000000080000000, 0x000000009ba00000, 0x00000000d5580000)
  object space 452608K, 99% used [0x0000000080000000,0x000000009b9c64b0,0x000000009ba00000)
 Metaspace       used 91228K, committed 92992K, reserved 1179648K
  class space    used 10721K, committed 11520K, reserved 1048576K
}
Event: 211.492 GC heap before
{Heap before GC invocations=1664 (full 4):
 PSYoungGen      total 5632K, used 5483K [0x00000000d5580000, 0x00000000d5c00000, 0x0000000100000000)
  eden space 5120K, 100% used [0x00000000d5580000,0x00000000d5a80000,0x00000000d5a80000)
  from space 512K, 71% used [0x00000000d5a80000,0x00000000d5adafb0,0x00000000d5b00000)
  to   space 512K, 0% used [0x00000000d5b80000,0x00000000d5b80000,0x00000000d5c00000)
 ParOldGen       total 452608K, used 452377K [0x0000000080000000, 0x000000009ba00000, 0x00000000d5580000)
  object space 452608K, 99% used [0x0000000080000000,0x000000009b9c64b0,0x000000009ba00000)
 Metaspace       used 91228K, committed 92992K, reserved 1179648K
  class space    used 10721K, committed 11520K, reserved 1048576K
}
Event: 211.494 GC heap after
{Heap after GC invocations=1664 (full 4):
 PSYoungGen      total 5632K, used 256K [0x00000000d5580000, 0x00000000d5c00000, 0x0000000100000000)
  eden space 5120K, 0% used [0x00000000d5580000,0x00000000d5580000,0x00000000d5a80000)
  from space 512K, 50% used [0x00000000d5b80000,0x00000000d5bc0000,0x00000000d5c00000)
  to   space 512K, 0% used [0x00000000d5a80000,0x00000000d5a80000,0x00000000d5b00000)
 ParOldGen       total 452608K, used 452489K [0x0000000080000000, 0x000000009ba00000, 0x00000000d5580000)
  object space 452608K, 99% used [0x0000000080000000,0x000000009b9e24b0,0x000000009ba00000)
 Metaspace       used 91228K, committed 92992K, reserved 1179648K
  class space    used 10721K, committed 11520K, reserved 1048576K
}
Event: 211.688 GC heap before
{Heap before GC invocations=1665 (full 4):
 PSYoungGen      total 5632K, used 5376K [0x00000000d5580000, 0x00000000d5c00000, 0x0000000100000000)
  eden space 5120K, 100% used [0x00000000d5580000,0x00000000d5a80000,0x00000000d5a80000)
  from space 512K, 50% used [0x00000000d5b80000,0x00000000d5bc0000,0x00000000d5c00000)
  to   space 512K, 0% used [0x00000000d5a80000,0x00000000d5a80000,0x00000000d5b00000)
 ParOldGen       total 452608K, used 452489K [0x0000000080000000, 0x000000009ba00000, 0x00000000d5580000)
  object space 452608K, 99% used [0x0000000080000000,0x000000009b9e24b0,0x000000009ba00000)
 Metaspace       used 91308K, committed 93056K, reserved 1179648K
  class space    used 10736K, committed 11520K, reserved 1048576K
}
Event: 211.690 GC heap after
{Heap after GC invocations=1665 (full 4):
 PSYoungGen      total 5632K, used 288K [0x00000000d5580000, 0x00000000d5c00000, 0x0000000100000000)
  eden space 5120K, 0% used [0x00000000d5580000,0x00000000d5580000,0x00000000d5a80000)
  from space 512K, 56% used [0x00000000d5a80000,0x00000000d5ac8000,0x00000000d5b00000)
  to   space 512K, 0% used [0x00000000d5b80000,0x00000000d5b80000,0x00000000d5c00000)
 ParOldGen       total 453120K, used 452633K [0x0000000080000000, 0x000000009ba80000, 0x00000000d5580000)
  object space 453120K, 99% used [0x0000000080000000,0x000000009ba064b0,0x000000009ba80000)
 Metaspace       used 91308K, committed 93056K, reserved 1179648K
  class space    used 10736K, committed 11520K, reserved 1048576K
}
Event: 211.880 GC heap before
{Heap before GC invocations=1666 (full 4):
 PSYoungGen      total 5632K, used 5408K [0x00000000d5580000, 0x00000000d5c00000, 0x0000000100000000)
  eden space 5120K, 100% used [0x00000000d5580000,0x00000000d5a80000,0x00000000d5a80000)
  from space 512K, 56% used [0x00000000d5a80000,0x00000000d5ac8000,0x00000000d5b00000)
  to   space 512K, 0% used [0x00000000d5b80000,0x00000000d5b80000,0x00000000d5c00000)
 ParOldGen       total 453120K, used 452633K [0x0000000080000000, 0x000000009ba80000, 0x00000000d5580000)
  object space 453120K, 99% used [0x0000000080000000,0x000000009ba064b0,0x000000009ba80000)
 Metaspace       used 91434K, committed 93248K, reserved 1179648K
  class space    used 10768K, committed 11584K, reserved 1048576K
}
Event: 212.888 GC heap after
{Heap after GC invocations=1666 (full 4):
 PSYoungGen      total 4608K, used 496K [0x00000000d5580000, 0x00000000d5e80000, 0x0000000100000000)
  eden space 4096K, 0% used [0x00000000d5580000,0x00000000d5580000,0x00000000d5980000)
  from space 512K, 96% used [0x00000000d5b80000,0x00000000d5bfc200,0x00000000d5c00000)
  to   space 2048K, 0% used [0x00000000d5980000,0x00000000d5980000,0x00000000d5b80000)
 ParOldGen       total 453632K, used 453521K [0x0000000080000000, 0x000000009bb00000, 0x00000000d5580000)
  object space 453632K, 99% used [0x0000000080000000,0x000000009bae4470,0x000000009bb00000)
 Metaspace       used 91434K, committed 93248K, reserved 1179648K
  class space    used 10768K, committed 11584K, reserved 1048576K
}

