# JRE version: OpenJDK Runtime Environment Temurin-21.0.9+10 (21.0.9+10) (build 21.0.9+10-LTS)
# Java VM: OpenJDK 64-Bit Server VM Temurin-21.0.9+10 (21.0.9+10-LTS, mixed mode, sharing, tiered, compressed oops, compressed class ptrs, parallel gc, windows-amd64)
GC Precious Log:
 CardTable entry size: 512
 CPUs: 8 total, 8 available
 Memory: 16075M
 Large Page Support: Disabled
 NUMA Support: Disabled
 Compressed Oops: Enabled (32-bit)
 Alignments: Space 512K, Generation 512K, Heap 2M
 Heap Min Capacity: 100M
 Heap Initial Capacity: 100M
 Heap Max Capacity: 2G
 Pre-touch: Disabled
 Parallel Workers: 8
Heap:
 PSYoungGen      total 21504K, used 20748K [0x00000000d5580000, 0x00000000d7400000, 0x0000000100000000)
  eden space 20480K, 96% used [0x00000000d5580000,0x00000000d68d01c0,0x00000000d6980000)
  from space 1024K, 99% used [0x00000000d6e00000,0x00000000d6efe7e0,0x00000000d6f00000)
  to   space 4608K, 0% used [0x00000000d6980000,0x00000000d6980000,0x00000000d6e00000)
 ParOldGen       total 68608K, used 41355K [0x0000000080000000, 0x0000000084300000, 0x00000000d5580000)
  object space 68608K, 60% used [0x0000000080000000,0x0000000082862db0,0x0000000084300000)
 Metaspace       used 52616K, committed 53888K, reserved 1114112K
  class space    used 5879K, committed 6400K, reserved 1048576K
GC Heap History (20 events):
Event: 10.250 GC heap before
{Heap before GC invocations=19 (full 2):
 PSYoungGen      total 22528K, used 22528K [0x00000000d5580000, 0x00000000d7100000, 0x0000000100000000)
  eden space 22016K, 100% used [0x00000000d5580000,0x00000000d6b00000,0x00000000d6b00000)
  from space 512K, 100% used [0x00000000d7080000,0x00000000d7100000,0x00000000d7100000)
  to   space 2560K, 0% used [0x00000000d6c00000,0x00000000d6c00000,0x00000000d6e80000)
 ParOldGen       total 68608K, used 21427K [0x0000000080000000, 0x0000000084300000, 0x00000000d5580000)
  object space 68608K, 31% used [0x0000000080000000,0x00000000814ece80,0x0000000084300000)
 Metaspace       used 44069K, committed 45248K, reserved 1114112K
  class space    used 4824K, committed 5312K, reserved 1048576K
}
Event: 10.255 GC heap after
{Heap after GC invocations=19 (full 2):
 PSYoungGen      total 24576K, used 1504K [0x00000000d5580000, 0x00000000d7100000, 0x0000000100000000)
  eden space 22016K, 0% used [0x00000000d5580000,0x00000000d5580000,0x00000000d6b00000)
  from space 2560K, 58% used [0x00000000d6c00000,0x00000000d6d78000,0x00000000d6e80000)
  to   space 2048K, 0% used [0x00000000d6f00000,0x00000000d6f00000,0x00000000d7100000)
 ParOldGen       total 68608K, used 21951K [0x0000000080000000, 0x0000000084300000, 0x00000000d5580000)
  object space 68608K, 31% used [0x0000000080000000,0x000000008156fe90,0x0000000084300000)
 Metaspace       used 44069K, committed 45248K, reserved 1114112K
  class space    used 4824K, committed 5312K, reserved 1048576K
}
Event: 37.499 GC heap before
{Heap before GC invocations=20 (full 2):
 PSYoungGen      total 24576K, used 23514K [0x00000000d5580000, 0x00000000d7100000, 0x0000000100000000)
  eden space 22016K, 99% used [0x00000000d5580000,0x00000000d6afeb28,0x00000000d6b00000)
  from space 2560K, 58% used [0x00000000d6c00000,0x00000000d6d78000,0x00000000d6e80000)
  to   space 2048K, 0% used [0x00000000d6f00000,0x00000000d6f00000,0x00000000d7100000)
 ParOldGen       total 68608K, used 21951K [0x0000000080000000, 0x0000000084300000, 0x00000000d5580000)
  object space 68608K, 31% used [0x0000000080000000,0x000000008156fe90,0x0000000084300000)
 Metaspace       used 45565K, committed 46656K, reserved 1114112K
  class space    used 5017K, committed 5504K, reserved 1048576K
}
Event: 37.503 GC heap after
{Heap after GC invocations=20 (full 2):
 PSYoungGen      total 24064K, used 2028K [0x00000000d5580000, 0x00000000d7300000, 0x0000000100000000)
  eden space 22016K, 0% used [0x00000000d5580000,0x00000000d5580000,0x00000000d6b00000)
  from space 2048K, 99% used [0x00000000d6f00000,0x00000000d70fb190,0x00000000d7100000)
  to   space 4096K, 0% used [0x00000000d6b00000,0x00000000d6b00000,0x00000000d6f00000)
 ParOldGen       total 68608K, used 23409K [0x0000000080000000, 0x0000000084300000, 0x00000000d5580000)
  object space 68608K, 34% used [0x0000000080000000,0x00000000816dc570,0x0000000084300000)
 Metaspace       used 45565K, committed 46656K, reserved 1114112K
  class space    used 5017K, committed 5504K, reserved 1048576K
}
Event: 37.746 GC heap before
{Heap before GC invocations=21 (full 2):
 PSYoungGen      total 24064K, used 24044K [0x00000000d5580000, 0x00000000d7300000, 0x0000000100000000)
  eden space 22016K, 100% used [0x00000000d5580000,0x00000000d6b00000,0x00000000d6b00000)
  from space 2048K, 99% used [0x00000000d6f00000,0x00000000d70fb190,0x00000000d7100000)
  to   space 4096K, 0% used [0x00000000d6b00000,0x00000000d6b00000,0x00000000d6f00000)
 ParOldGen       total 68608K, used 23409K [0x0000000080000000, 0x0000000084300000, 0x00000000d5580000)
  object space 68608K, 34% used [0x0000000080000000,0x00000000816dc570,0x0000000084300000)
 Metaspace       used 46279K, committed 47424K, reserved 1114112K
  class space    used 5073K, committed 5568K, reserved 1048576K
}
Event: 37.749 GC heap after
{Heap after GC invocations=21 (full 2):
 PSYoungGen      total 24576K, used 2400K [0x00000000d5580000, 0x00000000d7100000, 0x0000000100000000)
  eden space 22016K, 0% used [0x00000000d5580000,0x00000000d5580000,0x00000000d6b00000)
  from space 2560K, 93% used [0x00000000d6b00000,0x00000000d6d58030,0x00000000d6d80000)
  to   space 3072K, 0% used [0x00000000d6e00000,0x00000000d6e00000,0x00000000d7100000)
 ParOldGen       total 68608K, used 25441K [0x0000000080000000, 0x0000000084300000, 0x00000000d5580000)
  object space 68608K, 37% used [0x0000000080000000,0x00000000818d84f8,0x0000000084300000)
 Metaspace       used 46279K, committed 47424K, reserved 1114112K
  class space    used 5073K, committed 5568K, reserved 1048576K
}
Event: 37.918 GC heap before
{Heap before GC invocations=22 (full 2):
 PSYoungGen      total 24576K, used 24416K [0x00000000d5580000, 0x00000000d7100000, 0x0000000100000000)
  eden space 22016K, 100% used [0x00000000d5580000,0x00000000d6b00000,0x00000000d6b00000)
  from space 2560K, 93% used [0x00000000d6b00000,0x00000000d6d58030,0x00000000d6d80000)
  to   space 3072K, 0% used [0x00000000d6e00000,0x00000000d6e00000,0x00000000d7100000)
 ParOldGen       total 68608K, used 25441K [0x0000000080000000, 0x0000000084300000, 0x00000000d5580000)
  object space 68608K, 37% used [0x0000000080000000,0x00000000818d84f8,0x0000000084300000)
 Metaspace       used 46831K, committed 48064K, reserved 1114112K
  class space    used 5151K, committed 5696K, reserved 1048576K
}
Event: 37.924 GC heap after
{Heap after GC invocations=22 (full 2):
 PSYoungGen      total 24576K, used 2449K [0x00000000d5580000, 0x00000000d7080000, 0x0000000100000000)
  eden space 22016K, 0% used [0x00000000d5580000,0x00000000d5580000,0x00000000d6b00000)
  from space 2560K, 95% used [0x00000000d6e00000,0x00000000d7064410,0x00000000d7080000)
  to   space 2560K, 0% used [0x00000000d6b00000,0x00000000d6b00000,0x00000000d6d80000)
 ParOldGen       total 68608K, used 27670K [0x0000000080000000, 0x0000000084300000, 0x00000000d5580000)
  object space 68608K, 40% used [0x0000000080000000,0x0000000081b05890,0x0000000084300000)
 Metaspace       used 46831K, committed 48064K, reserved 1114112K
  class space    used 5151K, committed 5696K, reserved 1048576K
}
Event: 38.018 GC heap before
{Heap before GC invocations=23 (full 2):
 PSYoungGen      total 24576K, used 24465K [0x00000000d5580000, 0x00000000d7080000, 0x0000000100000000)
  eden space 22016K, 100% used [0x00000000d5580000,0x00000000d6b00000,0x00000000d6b00000)
  from space 2560K, 95% used [0x00000000d6e00000,0x00000000d7064410,0x00000000d7080000)
  to   space 2560K, 0% used [0x00000000d6b00000,0x00000000d6b00000,0x00000000d6d80000)
 ParOldGen       total 68608K, used 27670K [0x0000000080000000, 0x0000000084300000, 0x00000000d5580000)
  object space 68608K, 40% used [0x0000000080000000,0x0000000081b05890,0x0000000084300000)
 Metaspace       used 46846K, committed 48064K, reserved 1114112K
  class space    used 5151K, committed 5696K, reserved 1048576K
}
Event: 38.022 GC heap after
{Heap after GC invocations=23 (full 2):
 PSYoungGen      total 24576K, used 2530K [0x00000000d5580000, 0x00000000d7600000, 0x0000000100000000)
  eden space 22016K, 0% used [0x00000000d5580000,0x00000000d5580000,0x00000000d6b00000)
  from space 2560K, 98% used [0x00000000d6b00000,0x00000000d6d78810,0x00000000d6d80000)
  to   space 5632K, 0% used [0x00000000d7080000,0x00000000d7080000,0x00000000d7600000)
 ParOldGen       total 68608K, used 29925K [0x0000000080000000, 0x0000000084300000, 0x00000000d5580000)
  object space 68608K, 43% used [0x0000000080000000,0x0000000081d39598,0x0000000084300000)
 Metaspace       used 46846K, committed 48064K, reserved 1114112K
  class space    used 5151K, committed 5696K, reserved 1048576K
}
Event: 38.117 GC heap before
{Heap before GC invocations=24 (full 2):
 PSYoungGen      total 24576K, used 24546K [0x00000000d5580000, 0x00000000d7600000, 0x0000000100000000)
  eden space 22016K, 100% used [0x00000000d5580000,0x00000000d6b00000,0x00000000d6b00000)
  from space 2560K, 98% used [0x00000000d6b00000,0x00000000d6d78810,0x00000000d6d80000)
  to   space 5632K, 0% used [0x00000000d7080000,0x00000000d7080000,0x00000000d7600000)
 ParOldGen       total 68608K, used 29925K [0x0000000080000000, 0x0000000084300000, 0x00000000d5580000)
  object space 68608K, 43% used [0x0000000080000000,0x0000000081d39598,0x0000000084300000)
 Metaspace       used 46853K, committed 48064K, reserved 1114112K
  class space    used 5151K, committed 5696K, reserved 1048576K
}
Event: 38.122 GC heap after
{Heap after GC invocations=24 (full 2):
 PSYoungGen      total 24576K, used 2468K [0x00000000d5580000, 0x00000000d7300000, 0x0000000100000000)
  eden space 22016K, 0% used [0x00000000d5580000,0x00000000d5580000,0x00000000d6b00000)
  from space 2560K, 96% used [0x00000000d7080000,0x00000000d72e9000,0x00000000d7300000)
  to   space 3584K, 0% used [0x00000000d6c00000,0x00000000d6c00000,0x00000000d6f80000)
 ParOldGen       total 68608K, used 32283K [0x0000000080000000, 0x0000000084300000, 0x00000000d5580000)
  object space 68608K, 47% used [0x0000000080000000,0x0000000081f86f58,0x0000000084300000)
 Metaspace       used 46853K, committed 48064K, reserved 1114112K
  class space    used 5151K, committed 5696K, reserved 1048576K
}
Event: 38.242 GC heap before
{Heap before GC invocations=25 (full 2):
 PSYoungGen      total 24576K, used 24484K [0x00000000d5580000, 0x00000000d7300000, 0x0000000100000000)
  eden space 22016K, 100% used [0x00000000d5580000,0x00000000d6b00000,0x00000000d6b00000)
  from space 2560K, 96% used [0x00000000d7080000,0x00000000d72e9000,0x00000000d7300000)
  to   space 3584K, 0% used [0x00000000d6c00000,0x00000000d6c00000,0x00000000d6f80000)
 ParOldGen       total 68608K, used 32283K [0x0000000080000000, 0x0000000084300000, 0x00000000d5580000)
  object space 68608K, 47% used [0x0000000080000000,0x0000000081f86f58,0x0000000084300000)
 Metaspace       used 46892K, committed 48064K, reserved 1114112K
  class space    used 5151K, committed 5696K, reserved 1048576K
}
Event: 38.249 GC heap after
{Heap after GC invocations=25 (full 2):
 PSYoungGen      total 24576K, used 2464K [0x00000000d5580000, 0x00000000d7100000, 0x0000000100000000)
  eden space 22016K, 0% used [0x00000000d5580000,0x00000000d5580000,0x00000000d6b00000)
  from space 2560K, 96% used [0x00000000d6c00000,0x00000000d6e68010,0x00000000d6e80000)
  to   space 2560K, 0% used [0x00000000d6e80000,0x00000000d6e80000,0x00000000d7100000)
 ParOldGen       total 68608K, used 34657K [0x0000000080000000, 0x0000000084300000, 0x00000000d5580000)
  object space 68608K, 50% used [0x0000000080000000,0x00000000821d8580,0x0000000084300000)
 Metaspace       used 46892K, committed 48064K, reserved 1114112K
  class space    used 5151K, committed 5696K, reserved 1048576K
}
Event: 38.812 GC heap before
{Heap before GC invocations=26 (full 2):
 PSYoungGen      total 24576K, used 24480K [0x00000000d5580000, 0x00000000d7100000, 0x0000000100000000)
  eden space 22016K, 100% used [0x00000000d5580000,0x00000000d6b00000,0x00000000d6b00000)
  from space 2560K, 96% used [0x00000000d6c00000,0x00000000d6e68010,0x00000000d6e80000)
  to   space 2560K, 0% used [0x00000000d6e80000,0x00000000d6e80000,0x00000000d7100000)
 ParOldGen       total 68608K, used 34657K [0x0000000080000000, 0x0000000084300000, 0x00000000d5580000)
  object space 68608K, 50% used [0x0000000080000000,0x00000000821d8580,0x0000000084300000)
 Metaspace       used 47340K, committed 48512K, reserved 1114112K
  class space    used 5181K, committed 5696K, reserved 1048576K
}
Event: 38.817 GC heap after
{Heap after GC invocations=26 (full 2):
 PSYoungGen      total 24064K, used 1624K [0x00000000d5580000, 0x00000000d7080000, 0x0000000100000000)
  eden space 22016K, 0% used [0x00000000d5580000,0x00000000d5580000,0x00000000d6b00000)
  from space 2048K, 79% used [0x00000000d6e80000,0x00000000d7016200,0x00000000d7080000)
  to   space 2048K, 0% used [0x00000000d6c80000,0x00000000d6c80000,0x00000000d6e80000)
 ParOldGen       total 68608K, used 36961K [0x0000000080000000, 0x0000000084300000, 0x00000000d5580000)
  object space 68608K, 53% used [0x0000000080000000,0x0000000082418590,0x0000000084300000)
 Metaspace       used 47340K, committed 48512K, reserved 1114112K
  class space    used 5181K, committed 5696K, reserved 1048576K
}
Event: 39.224 GC heap before
{Heap before GC invocations=27 (full 2):
 PSYoungGen      total 24064K, used 23640K [0x00000000d5580000, 0x00000000d7080000, 0x0000000100000000)
  eden space 22016K, 100% used [0x00000000d5580000,0x00000000d6b00000,0x00000000d6b00000)
  from space 2048K, 79% used [0x00000000d6e80000,0x00000000d7016200,0x00000000d7080000)
  to   space 2048K, 0% used [0x00000000d6c80000,0x00000000d6c80000,0x00000000d6e80000)
 ParOldGen       total 68608K, used 36961K [0x0000000080000000, 0x0000000084300000, 0x00000000d5580000)
  object space 68608K, 53% used [0x0000000080000000,0x0000000082418590,0x0000000084300000)
 Metaspace       used 49308K, committed 50560K, reserved 1114112K
  class space    used 5430K, committed 5952K, reserved 1048576K
}
Event: 39.228 GC heap after
{Heap after GC invocations=27 (full 2):
 PSYoungGen      total 23552K, used 1469K [0x00000000d5580000, 0x00000000d6f00000, 0x0000000100000000)
  eden space 22016K, 0% used [0x00000000d5580000,0x00000000d5580000,0x00000000d6b00000)
  from space 1536K, 95% used [0x00000000d6c80000,0x00000000d6def520,0x00000000d6e00000)
  to   space 1024K, 0% used [0x00000000d6e00000,0x00000000d6e00000,0x00000000d6f00000)
 ParOldGen       total 68608K, used 38505K [0x0000000080000000, 0x0000000084300000, 0x00000000d5580000)
  object space 68608K, 56% used [0x0000000080000000,0x000000008259a790,0x0000000084300000)
 Metaspace       used 49308K, committed 50560K, reserved 1114112K
  class space    used 5430K, committed 5952K, reserved 1048576K
}
Event: 40.617 GC heap before
{Heap before GC invocations=28 (full 2):
 PSYoungGen      total 23552K, used 23457K [0x00000000d5580000, 0x00000000d6f00000, 0x0000000100000000)
  eden space 22016K, 99% used [0x00000000d5580000,0x00000000d6af9200,0x00000000d6b00000)
  from space 1536K, 95% used [0x00000000d6c80000,0x00000000d6def520,0x00000000d6e00000)
  to   space 1024K, 0% used [0x00000000d6e00000,0x00000000d6e00000,0x00000000d6f00000)
 ParOldGen       total 68608K, used 38505K [0x0000000080000000, 0x0000000084300000, 0x00000000d5580000)
  object space 68608K, 56% used [0x0000000080000000,0x000000008259a790,0x0000000084300000)
 Metaspace       used 51333K, committed 52608K, reserved 1114112K
  class space    used 5704K, committed 6208K, reserved 1048576K
}
Event: 40.620 GC heap after
{Heap after GC invocations=28 (full 2):
 PSYoungGen      total 21504K, used 1017K [0x00000000d5580000, 0x00000000d7400000, 0x0000000100000000)
  eden space 20480K, 0% used [0x00000000d5580000,0x00000000d5580000,0x00000000d6980000)
  from space 1024K, 99% used [0x00000000d6e00000,0x00000000d6efe7e0,0x00000000d6f00000)
  to   space 4608K, 0% used [0x00000000d6980000,0x00000000d6980000,0x00000000d6e00000)
 ParOldGen       total 68608K, used 41355K [0x0000000080000000, 0x0000000084300000, 0x00000000d5580000)
  object space 68608K, 60% used [0x0000000080000000,0x0000000082862db0,0x0000000084300000)
 Metaspace       used 51333K, committed 52608K, reserved 1114112K
  class space    used 5704K, committed 6208K, reserved 1048576K
}

