# JRE version: OpenJDK Runtime Environment Temurin-21.0.9+10 (21.0.9+10) (build 21.0.9+10-LTS)
# Java VM: OpenJDK 64-Bit Server VM Temurin-21.0.9+10 (21.0.9+10-LTS, mixed mode, sharing, tiered, compressed oops, compressed class ptrs, parallel gc, windows-amd64)
GC Precious Log:
 CardTable entry size: 512
 CPUs: 8 total, 8 available
 Memory: 16075M
 Large Page Support: Disabled
 NUMA Support: Disabled
 Compressed Oops: Enabled (32-bit)
 Alignments: Space 512K, Generation 512K, Heap 2M
 Heap Min Capacity: 100M
 Heap Initial Capacity: 100M
 Heap Max Capacity: 2G
 Pre-touch: Disabled
 Parallel Workers: 8
Heap:
 PSYoungGen      total 7680K, used 7429K [0x00000000d5580000, 0x00000000d5e80000, 0x0000000100000000)
  eden space 6144K, 99% used [0x00000000d5580000,0x00000000d5b72998,0x00000000d5b80000)
  from space 1536K, 87% used [0x00000000d5b80000,0x00000000d5cced50,0x00000000d5d00000)
  to   space 1536K, 0% used [0x00000000d5d00000,0x00000000d5d00000,0x00000000d5e80000)
 ParOldGen       total 207360K, used 207003K [0x0000000080000000, 0x000000008ca80000, 0x00000000d5580000)
  object space 207360K, 99% used [0x0000000080000000,0x000000008ca26dd8,0x000000008ca80000)
 Metaspace       used 67671K, committed 69312K, reserved 1114112K
  class space    used 7806K, committed 8512K, reserved 1048576K
GC Heap History (20 events):
Event: 21.475 GC heap before
{Heap before GC invocations=154 (full 3):
 PSYoungGen      total 7168K, used 7136K [0x00000000d5580000, 0x00000000d5f80000, 0x0000000100000000)
  eden space 5632K, 100% used [0x00000000d5580000,0x00000000d5b00000,0x00000000d5b00000)
  from space 1536K, 97% used [0x00000000d5d00000,0x00000000d5e783d0,0x00000000d5e80000)
  to   space 2048K, 0% used [0x00000000d5b00000,0x00000000d5b00000,0x00000000d5d00000)
 ParOldGen       total 195584K, used 195355K [0x0000000080000000, 0x000000008bf00000, 0x00000000d5580000)
  object space 195584K, 99% used [0x0000000080000000,0x000000008bec6ed0,0x000000008bf00000)
 Metaspace       used 66206K, committed 67776K, reserved 1114112K
  class space    used 7671K, committed 8320K, reserved 1048576K
}
Event: 21.476 GC heap after
{Heap after GC invocations=154 (full 3):
 PSYoungGen      total 7680K, used 1037K [0x00000000d5580000, 0x00000000d5f80000, 0x0000000100000000)
  eden space 5632K, 0% used [0x00000000d5580000,0x00000000d5580000,0x00000000d5b00000)
  from space 2048K, 50% used [0x00000000d5b00000,0x00000000d5c037f0,0x00000000d5d00000)
  to   space 1536K, 0% used [0x00000000d5e00000,0x00000000d5e00000,0x00000000d5f80000)
 ParOldGen       total 196096K, used 195746K [0x0000000080000000, 0x000000008bf80000, 0x00000000d5580000)
  object space 196096K, 99% used [0x0000000080000000,0x000000008bf28980,0x000000008bf80000)
 Metaspace       used 66206K, committed 67776K, reserved 1114112K
  class space    used 7671K, committed 8320K, reserved 1048576K
}
Event: 21.488 GC heap before
{Heap before GC invocations=155 (full 3):
 PSYoungGen      total 7680K, used 6669K [0x00000000d5580000, 0x00000000d5f80000, 0x0000000100000000)
  eden space 5632K, 100% used [0x00000000d5580000,0x00000000d5b00000,0x00000000d5b00000)
  from space 2048K, 50% used [0x00000000d5b00000,0x00000000d5c037f0,0x00000000d5d00000)
  to   space 1536K, 0% used [0x00000000d5e00000,0x00000000d5e00000,0x00000000d5f80000)
 ParOldGen       total 196096K, used 195746K [0x0000000080000000, 0x000000008bf80000, 0x00000000d5580000)
  object space 196096K, 99% used [0x0000000080000000,0x000000008bf28980,0x000000008bf80000)
 Metaspace       used 66426K, committed 68032K, reserved 1114112K
  class space    used 7698K, committed 8384K, reserved 1048576K
}
Event: 21.490 GC heap after
{Heap after GC invocations=155 (full 3):
 PSYoungGen      total 8192K, used 840K [0x00000000d5580000, 0x00000000d5f00000, 0x0000000100000000)
  eden space 7168K, 0% used [0x00000000d5580000,0x00000000d5580000,0x00000000d5c80000)
  from space 1024K, 82% used [0x00000000d5e00000,0x00000000d5ed2160,0x00000000d5f00000)
  to   space 1024K, 0% used [0x00000000d5d00000,0x00000000d5d00000,0x00000000d5e00000)
 ParOldGen       total 197120K, used 196608K [0x0000000080000000, 0x000000008c080000, 0x00000000d5580000)
  object space 197120K, 99% used [0x0000000080000000,0x000000008c000390,0x000000008c080000)
 Metaspace       used 66426K, committed 68032K, reserved 1114112K
  class space    used 7698K, committed 8384K, reserved 1048576K
}
Event: 21.506 GC heap before
{Heap before GC invocations=156 (full 3):
 PSYoungGen      total 8192K, used 8008K [0x00000000d5580000, 0x00000000d5f00000, 0x0000000100000000)
  eden space 7168K, 100% used [0x00000000d5580000,0x00000000d5c80000,0x00000000d5c80000)
  from space 1024K, 82% used [0x00000000d5e00000,0x00000000d5ed2160,0x00000000d5f00000)
  to   space 1024K, 0% used [0x00000000d5d00000,0x00000000d5d00000,0x00000000d5e00000)
 ParOldGen       total 197120K, used 196608K [0x0000000080000000, 0x000000008c080000, 0x00000000d5580000)
  object space 197120K, 99% used [0x0000000080000000,0x000000008c000390,0x000000008c080000)
 Metaspace       used 66777K, committed 68352K, reserved 1114112K
  class space    used 7735K, committed 8384K, reserved 1048576K
}
Event: 21.508 GC heap after
{Heap after GC invocations=156 (full 3):
 PSYoungGen      total 8192K, used 1004K [0x00000000d5580000, 0x00000000d6180000, 0x0000000100000000)
  eden space 7168K, 0% used [0x00000000d5580000,0x00000000d5580000,0x00000000d5c80000)
  from space 1024K, 98% used [0x00000000d5d00000,0x00000000d5dfb3c8,0x00000000d5e00000)
  to   space 2560K, 0% used [0x00000000d5f00000,0x00000000d5f00000,0x00000000d6180000)
 ParOldGen       total 197632K, used 197538K [0x0000000080000000, 0x000000008c100000, 0x00000000d5580000)
  object space 197632K, 99% used [0x0000000080000000,0x000000008c0e8b50,0x000000008c100000)
 Metaspace       used 66777K, committed 68352K, reserved 1114112K
  class space    used 7735K, committed 8384K, reserved 1048576K
}
Event: 21.530 GC heap before
{Heap before GC invocations=157 (full 3):
 PSYoungGen      total 8192K, used 8172K [0x00000000d5580000, 0x00000000d6180000, 0x0000000100000000)
  eden space 7168K, 100% used [0x00000000d5580000,0x00000000d5c80000,0x00000000d5c80000)
  from space 1024K, 98% used [0x00000000d5d00000,0x00000000d5dfb3c8,0x00000000d5e00000)
  to   space 2560K, 0% used [0x00000000d5f00000,0x00000000d5f00000,0x00000000d6180000)
 ParOldGen       total 197632K, used 197538K [0x0000000080000000, 0x000000008c100000, 0x00000000d5580000)
  object space 197632K, 99% used [0x0000000080000000,0x000000008c0e8b50,0x000000008c100000)
 Metaspace       used 67022K, committed 68672K, reserved 1114112K
  class space    used 7753K, committed 8448K, reserved 1048576K
}
Event: 21.532 GC heap after
{Heap after GC invocations=157 (full 3):
 PSYoungGen      total 9216K, used 1589K [0x00000000d5580000, 0x00000000d6100000, 0x0000000100000000)
  eden space 7168K, 0% used [0x00000000d5580000,0x00000000d5580000,0x00000000d5c80000)
  from space 2048K, 77% used [0x00000000d5f00000,0x00000000d608d4d8,0x00000000d6100000)
  to   space 2048K, 0% used [0x00000000d5d00000,0x00000000d5d00000,0x00000000d5f00000)
 ParOldGen       total 198656K, used 198528K [0x0000000080000000, 0x000000008c200000, 0x00000000d5580000)
  object space 198656K, 99% used [0x0000000080000000,0x000000008c1e01e8,0x000000008c200000)
 Metaspace       used 67022K, committed 68672K, reserved 1114112K
  class space    used 7753K, committed 8448K, reserved 1048576K
}
Event: 21.553 GC heap before
{Heap before GC invocations=158 (full 3):
 PSYoungGen      total 9216K, used 8757K [0x00000000d5580000, 0x00000000d6100000, 0x0000000100000000)
  eden space 7168K, 100% used [0x00000000d5580000,0x00000000d5c80000,0x00000000d5c80000)
  from space 2048K, 77% used [0x00000000d5f00000,0x00000000d608d4d8,0x00000000d6100000)
  to   space 2048K, 0% used [0x00000000d5d00000,0x00000000d5d00000,0x00000000d5f00000)
 ParOldGen       total 198656K, used 198528K [0x0000000080000000, 0x000000008c200000, 0x00000000d5580000)
  object space 198656K, 99% used [0x0000000080000000,0x000000008c1e01e8,0x000000008c200000)
 Metaspace       used 67109K, committed 68736K, reserved 1114112K
  class space    used 7769K, committed 8448K, reserved 1048576K
}
Event: 21.555 GC heap after
{Heap after GC invocations=158 (full 3):
 PSYoungGen      total 9216K, used 1536K [0x00000000d5580000, 0x00000000d6080000, 0x0000000100000000)
  eden space 7168K, 0% used [0x00000000d5580000,0x00000000d5580000,0x00000000d5c80000)
  from space 2048K, 75% used [0x00000000d5d00000,0x00000000d5e801e0,0x00000000d5f00000)
  to   space 1536K, 0% used [0x00000000d5f00000,0x00000000d5f00000,0x00000000d6080000)
 ParOldGen       total 200192K, used 199909K [0x0000000080000000, 0x000000008c380000, 0x00000000d5580000)
  object space 200192K, 99% used [0x0000000080000000,0x000000008c339780,0x000000008c380000)
 Metaspace       used 67109K, committed 68736K, reserved 1114112K
  class space    used 7769K, committed 8448K, reserved 1048576K
}
Event: 21.574 GC heap before
{Heap before GC invocations=159 (full 3):
 PSYoungGen      total 9216K, used 8704K [0x00000000d5580000, 0x00000000d6080000, 0x0000000100000000)
  eden space 7168K, 100% used [0x00000000d5580000,0x00000000d5c80000,0x00000000d5c80000)
  from space 2048K, 75% used [0x00000000d5d00000,0x00000000d5e801e0,0x00000000d5f00000)
  to   space 1536K, 0% used [0x00000000d5f00000,0x00000000d5f00000,0x00000000d6080000)
 ParOldGen       total 200192K, used 199909K [0x0000000080000000, 0x000000008c380000, 0x00000000d5580000)
  object space 200192K, 99% used [0x0000000080000000,0x000000008c339780,0x000000008c380000)
 Metaspace       used 67153K, committed 68736K, reserved 1114112K
  class space    used 7773K, committed 8448K, reserved 1048576K
}
Event: 21.576 GC heap after
{Heap after GC invocations=159 (full 3):
 PSYoungGen      total 7680K, used 1504K [0x00000000d5580000, 0x00000000d6380000, 0x0000000100000000)
  eden space 6144K, 0% used [0x00000000d5580000,0x00000000d5580000,0x00000000d5b80000)
  from space 1536K, 97% used [0x00000000d5f00000,0x00000000d6078360,0x00000000d6080000)
  to   space 3584K, 0% used [0x00000000d5b80000,0x00000000d5b80000,0x00000000d5f00000)
 ParOldGen       total 201728K, used 201276K [0x0000000080000000, 0x000000008c500000, 0x00000000d5580000)
  object space 201728K, 99% used [0x0000000080000000,0x000000008c48f350,0x000000008c500000)
 Metaspace       used 67153K, committed 68736K, reserved 1114112K
  class space    used 7773K, committed 8448K, reserved 1048576K
}
Event: 21.597 GC heap before
{Heap before GC invocations=160 (full 3):
 PSYoungGen      total 7680K, used 7648K [0x00000000d5580000, 0x00000000d6380000, 0x0000000100000000)
  eden space 6144K, 99% used [0x00000000d5580000,0x00000000d5b7fff8,0x00000000d5b80000)
  from space 1536K, 97% used [0x00000000d5f00000,0x00000000d6078360,0x00000000d6080000)
  to   space 3584K, 0% used [0x00000000d5b80000,0x00000000d5b80000,0x00000000d5f00000)
 ParOldGen       total 201728K, used 201276K [0x0000000080000000, 0x000000008c500000, 0x00000000d5580000)
  object space 201728K, 99% used [0x0000000080000000,0x000000008c48f350,0x000000008c500000)
 Metaspace       used 67182K, committed 68800K, reserved 1114112K
  class space    used 7774K, committed 8448K, reserved 1048576K
}
Event: 21.599 GC heap after
{Heap after GC invocations=160 (full 3):
 PSYoungGen      total 7680K, used 1247K [0x00000000d5580000, 0x00000000d5f80000, 0x0000000100000000)
  eden space 6144K, 0% used [0x00000000d5580000,0x00000000d5580000,0x00000000d5b80000)
  from space 1536K, 81% used [0x00000000d5b80000,0x00000000d5cb7f08,0x00000000d5d00000)
  to   space 2048K, 0% used [0x00000000d5d80000,0x00000000d5d80000,0x00000000d5f80000)
 ParOldGen       total 202752K, used 202699K [0x0000000080000000, 0x000000008c600000, 0x00000000d5580000)
  object space 202752K, 99% used [0x0000000080000000,0x000000008c5f2cd8,0x000000008c600000)
 Metaspace       used 67182K, committed 68800K, reserved 1114112K
  class space    used 7774K, committed 8448K, reserved 1048576K
}
Event: 21.621 GC heap before
{Heap before GC invocations=161 (full 3):
 PSYoungGen      total 7680K, used 7391K [0x00000000d5580000, 0x00000000d5f80000, 0x0000000100000000)
  eden space 6144K, 100% used [0x00000000d5580000,0x00000000d5b80000,0x00000000d5b80000)
  from space 1536K, 81% used [0x00000000d5b80000,0x00000000d5cb7f08,0x00000000d5d00000)
  to   space 2048K, 0% used [0x00000000d5d80000,0x00000000d5d80000,0x00000000d5f80000)
 ParOldGen       total 202752K, used 202699K [0x0000000080000000, 0x000000008c600000, 0x00000000d5580000)
  object space 202752K, 99% used [0x0000000080000000,0x000000008c5f2cd8,0x000000008c600000)
 Metaspace       used 67223K, committed 68864K, reserved 1114112K
  class space    used 7776K, committed 8448K, reserved 1048576K
}
Event: 21.623 GC heap after
{Heap after GC invocations=161 (full 3):
 PSYoungGen      total 7680K, used 1375K [0x00000000d5580000, 0x00000000d5f00000, 0x0000000100000000)
  eden space 6144K, 0% used [0x00000000d5580000,0x00000000d5580000,0x00000000d5b80000)
  from space 1536K, 89% used [0x00000000d5d80000,0x00000000d5ed7f98,0x00000000d5f00000)
  to   space 1536K, 0% used [0x00000000d5b80000,0x00000000d5b80000,0x00000000d5d00000)
 ParOldGen       total 203776K, used 203747K [0x0000000080000000, 0x000000008c700000, 0x00000000d5580000)
  object space 203776K, 99% used [0x0000000080000000,0x000000008c6f8d90,0x000000008c700000)
 Metaspace       used 67223K, committed 68864K, reserved 1114112K
  class space    used 7776K, committed 8448K, reserved 1048576K
}
Event: 21.643 GC heap before
{Heap before GC invocations=162 (full 3):
 PSYoungGen      total 7680K, used 7519K [0x00000000d5580000, 0x00000000d5f00000, 0x0000000100000000)
  eden space 6144K, 100% used [0x00000000d5580000,0x00000000d5b80000,0x00000000d5b80000)
  from space 1536K, 89% used [0x00000000d5d80000,0x00000000d5ed7f98,0x00000000d5f00000)
  to   space 1536K, 0% used [0x00000000d5b80000,0x00000000d5b80000,0x00000000d5d00000)
 ParOldGen       total 203776K, used 203747K [0x0000000080000000, 0x000000008c700000, 0x00000000d5580000)
  object space 203776K, 99% used [0x0000000080000000,0x000000008c6f8d90,0x000000008c700000)
 Metaspace       used 67307K, committed 68928K, reserved 1114112K
  class space    used 7783K, committed 8448K, reserved 1048576K
}
Event: 21.646 GC heap after
{Heap after GC invocations=162 (full 3):
 PSYoungGen      total 7680K, used 1054K [0x00000000d5580000, 0x00000000d5e80000, 0x0000000100000000)
  eden space 6144K, 0% used [0x00000000d5580000,0x00000000d5580000,0x00000000d5b80000)
  from space 1536K, 68% used [0x00000000d5b80000,0x00000000d5c878a8,0x00000000d5d00000)
  to   space 1536K, 0% used [0x00000000d5d00000,0x00000000d5d00000,0x00000000d5e80000)
 ParOldGen       total 205312K, used 204947K [0x0000000080000000, 0x000000008c880000, 0x00000000d5580000)
  object space 205312K, 99% used [0x0000000080000000,0x000000008c824cb0,0x000000008c880000)
 Metaspace       used 67307K, committed 68928K, reserved 1114112K
  class space    used 7783K, committed 8448K, reserved 1048576K
}
Event: 21.670 GC heap before
{Heap before GC invocations=163 (full 3):
 PSYoungGen      total 7680K, used 7198K [0x00000000d5580000, 0x00000000d5e80000, 0x0000000100000000)
  eden space 6144K, 100% used [0x00000000d5580000,0x00000000d5b80000,0x00000000d5b80000)
  from space 1536K, 68% used [0x00000000d5b80000,0x00000000d5c878a8,0x00000000d5d00000)
  to   space 1536K, 0% used [0x00000000d5d00000,0x00000000d5d00000,0x00000000d5e80000)
 ParOldGen       total 205312K, used 204947K [0x0000000080000000, 0x000000008c880000, 0x00000000d5580000)
  object space 205312K, 99% used [0x0000000080000000,0x000000008c824cb0,0x000000008c880000)
 Metaspace       used 67341K, committed 68928K, reserved 1114112K
  class space    used 7786K, committed 8448K, reserved 1048576K
}
Event: 21.672 GC heap after
{Heap after GC invocations=163 (full 3):
 PSYoungGen      total 7680K, used 1248K [0x00000000d5580000, 0x00000000d5e80000, 0x0000000100000000)
  eden space 6144K, 0% used [0x00000000d5580000,0x00000000d5580000,0x00000000d5b80000)
  from space 1536K, 81% used [0x00000000d5d00000,0x00000000d5e38000,0x00000000d5e80000)
  to   space 1536K, 0% used [0x00000000d5b80000,0x00000000d5b80000,0x00000000d5d00000)
 ParOldGen       total 206336K, used 205856K [0x0000000080000000, 0x000000008c980000, 0x00000000d5580000)
  object space 206336K, 99% used [0x0000000080000000,0x000000008c908038,0x000000008c980000)
 Metaspace       used 67341K, committed 68928K, reserved 1114112K
  class space    used 7786K, committed 8448K, reserved 1048576K
}

