# JRE version: OpenJDK Runtime Environment Temurin-21.0.9+10 (21.0.9+10) (build 21.0.9+10-LTS)
# Java VM: OpenJDK 64-Bit Server VM Temurin-21.0.9+10 (21.0.9+10-LTS, mixed mode, sharing, tiered, compressed oops, compressed class ptrs, parallel gc, windows-amd64)
GC Precious Log:
 CardTable entry size: 512
 CPUs: 8 total, 8 available
 Memory: 16075M
 Large Page Support: Disabled
 NUMA Support: Disabled
 Compressed Oops: Enabled (32-bit)
 Alignments: Space 512K, Generation 512K, Heap 2M
 Heap Min Capacity: 100M
 Heap Initial Capacity: 100M
 Heap Max Capacity: 2G
 Pre-touch: Disabled
 Parallel Workers: 8
Heap:
 PSYoungGen      total 8192K, used 7949K [0x00000000d5580000, 0x00000000d6180000, 0x0000000100000000)
  eden space 5632K, 100% used [0x00000000d5580000,0x00000000d5b00000,0x00000000d5b00000)
  from space 2560K, 90% used [0x00000000d5b00000,0x00000000d5d437a0,0x00000000d5d80000)
  to   space 2560K, 66% used [0x00000000d5f00000,0x00000000d60ac080,0x00000000d6180000)
 ParOldGen       total 321536K, used 321515K [0x0000000080000000, 0x0000000093a00000, 0x00000000d5580000)
  object space 321536K, 99% used [0x0000000080000000,0x00000000939faf60,0x0000000093a00000)
 Metaspace       used 70405K, committed 71936K, reserved 1114112K
  class space    used 8717K, committed 9408K, reserved 1048576K
GC Heap History (20 events):
Event: 25.917 GC heap after
{Heap after GC invocations=187 (full 3):
 PSYoungGen      total 7680K, used 1815K [0x00000000d5580000, 0x00000000d5f00000, 0x0000000100000000)
  eden space 5632K, 0% used [0x00000000d5580000,0x00000000d5580000,0x00000000d5b00000)
  from space 2048K, 88% used [0x00000000d5d00000,0x00000000d5ec5d90,0x00000000d5f00000)
  to   space 2048K, 0% used [0x00000000d5b00000,0x00000000d5b00000,0x00000000d5d00000)
 ParOldGen       total 303616K, used 303609K [0x0000000080000000, 0x0000000092880000, 0x00000000d5580000)
  object space 303616K, 99% used [0x0000000080000000,0x000000009287e4a0,0x0000000092880000)
 Metaspace       used 69988K, committed 71488K, reserved 1114112K
  class space    used 8679K, committed 9344K, reserved 1048576K
}
Event: 25.926 GC heap before
{Heap before GC invocations=188 (full 3):
 PSYoungGen      total 7680K, used 7447K [0x00000000d5580000, 0x00000000d5f00000, 0x0000000100000000)
  eden space 5632K, 100% used [0x00000000d5580000,0x00000000d5b00000,0x00000000d5b00000)
  from space 2048K, 88% used [0x00000000d5d00000,0x00000000d5ec5d90,0x00000000d5f00000)
  to   space 2048K, 0% used [0x00000000d5b00000,0x00000000d5b00000,0x00000000d5d00000)
 ParOldGen       total 303616K, used 303609K [0x0000000080000000, 0x0000000092880000, 0x00000000d5580000)
  object space 303616K, 99% used [0x0000000080000000,0x000000009287e4a0,0x0000000092880000)
 Metaspace       used 70036K, committed 71488K, reserved 1114112K
  class space    used 8699K, committed 9344K, reserved 1048576K
}
Event: 25.928 GC heap after
{Heap after GC invocations=188 (full 3):
 PSYoungGen      total 7680K, used 2048K [0x00000000d5580000, 0x00000000d6400000, 0x0000000100000000)
  eden space 5632K, 0% used [0x00000000d5580000,0x00000000d5580000,0x00000000d5b00000)
  from space 2048K, 100% used [0x00000000d5b00000,0x00000000d5d00000,0x00000000d5d00000)
  to   space 4608K, 0% used [0x00000000d5f80000,0x00000000d5f80000,0x00000000d6400000)
 ParOldGen       total 305664K, used 305396K [0x0000000080000000, 0x0000000092a80000, 0x00000000d5580000)
  object space 305664K, 99% used [0x0000000080000000,0x0000000092a3d048,0x0000000092a80000)
 Metaspace       used 70036K, committed 71488K, reserved 1114112K
  class space    used 8699K, committed 9344K, reserved 1048576K
}
Event: 25.937 GC heap before
{Heap before GC invocations=189 (full 3):
 PSYoungGen      total 7680K, used 7680K [0x00000000d5580000, 0x00000000d6400000, 0x0000000100000000)
  eden space 5632K, 100% used [0x00000000d5580000,0x00000000d5b00000,0x00000000d5b00000)
  from space 2048K, 100% used [0x00000000d5b00000,0x00000000d5d00000,0x00000000d5d00000)
  to   space 4608K, 0% used [0x00000000d5f80000,0x00000000d5f80000,0x00000000d6400000)
 ParOldGen       total 305664K, used 305426K [0x0000000080000000, 0x0000000092a80000, 0x00000000d5580000)
  object space 305664K, 99% used [0x0000000080000000,0x0000000092a44ab0,0x0000000092a80000)
 Metaspace       used 70197K, committed 71744K, reserved 1114112K
  class space    used 8707K, committed 9408K, reserved 1048576K
}
Event: 25.939 GC heap after
{Heap after GC invocations=189 (full 3):
 PSYoungGen      total 7680K, used 1950K [0x00000000d5580000, 0x00000000d6180000, 0x0000000100000000)
  eden space 5632K, 0% used [0x00000000d5580000,0x00000000d5580000,0x00000000d5b00000)
  from space 2048K, 95% used [0x00000000d5f80000,0x00000000d61678d0,0x00000000d6180000)
  to   space 3072K, 0% used [0x00000000d5b80000,0x00000000d5b80000,0x00000000d5e80000)
 ParOldGen       total 307200K, used 307175K [0x0000000080000000, 0x0000000092c00000, 0x00000000d5580000)
  object space 307200K, 99% used [0x0000000080000000,0x0000000092bf9d38,0x0000000092c00000)
 Metaspace       used 70197K, committed 71744K, reserved 1114112K
  class space    used 8707K, committed 9408K, reserved 1048576K
}
Event: 25.944 GC heap before
{Heap before GC invocations=190 (full 3):
 PSYoungGen      total 7680K, used 7582K [0x00000000d5580000, 0x00000000d6180000, 0x0000000100000000)
  eden space 5632K, 100% used [0x00000000d5580000,0x00000000d5b00000,0x00000000d5b00000)
  from space 2048K, 95% used [0x00000000d5f80000,0x00000000d61678d0,0x00000000d6180000)
  to   space 3072K, 0% used [0x00000000d5b80000,0x00000000d5b80000,0x00000000d5e80000)
 ParOldGen       total 307712K, used 307398K [0x0000000080000000, 0x0000000092c80000, 0x00000000d5580000)
  object space 307712K, 99% used [0x0000000080000000,0x0000000092c31a40,0x0000000092c80000)
 Metaspace       used 70261K, committed 71808K, reserved 1114112K
  class space    used 8712K, committed 9408K, reserved 1048576K
}
Event: 25.946 GC heap after
{Heap after GC invocations=190 (full 3):
 PSYoungGen      total 8192K, used 2123K [0x00000000d5580000, 0x00000000d6000000, 0x0000000100000000)
  eden space 5632K, 0% used [0x00000000d5580000,0x00000000d5580000,0x00000000d5b00000)
  from space 2560K, 82% used [0x00000000d5b80000,0x00000000d5d92c10,0x00000000d5e00000)
  to   space 2048K, 0% used [0x00000000d5e00000,0x00000000d5e00000,0x00000000d6000000)
 ParOldGen       total 309760K, used 309252K [0x0000000080000000, 0x0000000092e80000, 0x00000000d5580000)
  object space 309760K, 99% used [0x0000000080000000,0x0000000092e011f8,0x0000000092e80000)
 Metaspace       used 70261K, committed 71808K, reserved 1114112K
  class space    used 8712K, committed 9408K, reserved 1048576K
}
Event: 25.952 GC heap before
{Heap before GC invocations=191 (full 3):
 PSYoungGen      total 8192K, used 7755K [0x00000000d5580000, 0x00000000d6000000, 0x0000000100000000)
  eden space 5632K, 100% used [0x00000000d5580000,0x00000000d5b00000,0x00000000d5b00000)
  from space 2560K, 82% used [0x00000000d5b80000,0x00000000d5d92c10,0x00000000d5e00000)
  to   space 2048K, 0% used [0x00000000d5e00000,0x00000000d5e00000,0x00000000d6000000)
 ParOldGen       total 309760K, used 309252K [0x0000000080000000, 0x0000000092e80000, 0x00000000d5580000)
  object space 309760K, 99% used [0x0000000080000000,0x0000000092e011f8,0x0000000092e80000)
 Metaspace       used 70264K, committed 71808K, reserved 1114112K
  class space    used 8712K, committed 9408K, reserved 1048576K
}
Event: 25.953 GC heap after
{Heap after GC invocations=191 (full 3):
 PSYoungGen      total 6144K, used 2037K [0x00000000d5580000, 0x00000000d6400000, 0x0000000100000000)
  eden space 4096K, 0% used [0x00000000d5580000,0x00000000d5580000,0x00000000d5980000)
  from space 2048K, 99% used [0x00000000d5e00000,0x00000000d5ffd4d0,0x00000000d6000000)
  to   space 4608K, 0% used [0x00000000d5980000,0x00000000d5980000,0x00000000d5e00000)
 ParOldGen       total 311808K, used 311409K [0x0000000080000000, 0x0000000093080000, 0x00000000d5580000)
  object space 311808K, 99% used [0x0000000080000000,0x000000009301c558,0x0000000093080000)
 Metaspace       used 70264K, committed 71808K, reserved 1114112K
  class space    used 8712K, committed 9408K, reserved 1048576K
}
Event: 25.956 GC heap before
{Heap before GC invocations=192 (full 3):
 PSYoungGen      total 6144K, used 6133K [0x00000000d5580000, 0x00000000d6400000, 0x0000000100000000)
  eden space 4096K, 100% used [0x00000000d5580000,0x00000000d5980000,0x00000000d5980000)
  from space 2048K, 99% used [0x00000000d5e00000,0x00000000d5ffd4d0,0x00000000d6000000)
  to   space 4608K, 0% used [0x00000000d5980000,0x00000000d5980000,0x00000000d5e00000)
 ParOldGen       total 311808K, used 311409K [0x0000000080000000, 0x0000000093080000, 0x00000000d5580000)
  object space 311808K, 99% used [0x0000000080000000,0x000000009301c558,0x0000000093080000)
 Metaspace       used 70281K, committed 71808K, reserved 1114112K
  class space    used 8715K, committed 9408K, reserved 1048576K
}
Event: 25.957 GC heap after
{Heap after GC invocations=192 (full 3):
 PSYoungGen      total 6144K, used 1609K [0x00000000d5580000, 0x00000000d5f80000, 0x0000000100000000)
  eden space 4096K, 0% used [0x00000000d5580000,0x00000000d5580000,0x00000000d5980000)
  from space 2048K, 78% used [0x00000000d5980000,0x00000000d5b12478,0x00000000d5b80000)
  to   space 2560K, 0% used [0x00000000d5d00000,0x00000000d5d00000,0x00000000d5f80000)
 ParOldGen       total 313344K, used 313239K [0x0000000080000000, 0x0000000093200000, 0x00000000d5580000)
  object space 313344K, 99% used [0x0000000080000000,0x00000000931e5c10,0x0000000093200000)
 Metaspace       used 70281K, committed 71808K, reserved 1114112K
  class space    used 8715K, committed 9408K, reserved 1048576K
}
Event: 25.960 GC heap before
{Heap before GC invocations=193 (full 3):
 PSYoungGen      total 6144K, used 5705K [0x00000000d5580000, 0x00000000d5f80000, 0x0000000100000000)
  eden space 4096K, 100% used [0x00000000d5580000,0x00000000d5980000,0x00000000d5980000)
  from space 2048K, 78% used [0x00000000d5980000,0x00000000d5b12478,0x00000000d5b80000)
  to   space 2560K, 0% used [0x00000000d5d00000,0x00000000d5d00000,0x00000000d5f80000)
 ParOldGen       total 313344K, used 313239K [0x0000000080000000, 0x0000000093200000, 0x00000000d5580000)
  object space 313344K, 99% used [0x0000000080000000,0x00000000931e5c10,0x0000000093200000)
 Metaspace       used 70287K, committed 71808K, reserved 1114112K
  class space    used 8715K, committed 9408K, reserved 1048576K
}
Event: 25.962 GC heap after
{Heap after GC invocations=193 (full 3):
 PSYoungGen      total 7168K, used 1800K [0x00000000d5580000, 0x00000000d5f00000, 0x0000000100000000)
  eden space 5120K, 0% used [0x00000000d5580000,0x00000000d5580000,0x00000000d5a80000)
  from space 2048K, 87% used [0x00000000d5d00000,0x00000000d5ec2158,0x00000000d5f00000)
  to   space 2048K, 0% used [0x00000000d5b00000,0x00000000d5b00000,0x00000000d5d00000)
 ParOldGen       total 314880K, used 314637K [0x0000000080000000, 0x0000000093380000, 0x00000000d5580000)
  object space 314880K, 99% used [0x0000000080000000,0x00000000933436c8,0x0000000093380000)
 Metaspace       used 70287K, committed 71808K, reserved 1114112K
  class space    used 8715K, committed 9408K, reserved 1048576K
}
Event: 25.967 GC heap before
{Heap before GC invocations=194 (full 3):
 PSYoungGen      total 7168K, used 6863K [0x00000000d5580000, 0x00000000d5f00000, 0x0000000100000000)
  eden space 5120K, 98% used [0x00000000d5580000,0x00000000d5a71dc8,0x00000000d5a80000)
  from space 2048K, 87% used [0x00000000d5d00000,0x00000000d5ec2158,0x00000000d5f00000)
  to   space 2048K, 0% used [0x00000000d5b00000,0x00000000d5b00000,0x00000000d5d00000)
 ParOldGen       total 314880K, used 314637K [0x0000000080000000, 0x0000000093380000, 0x00000000d5580000)
  object space 314880K, 99% used [0x0000000080000000,0x00000000933436c8,0x0000000093380000)
 Metaspace       used 70369K, committed 71872K, reserved 1114112K
  class space    used 8716K, committed 9408K, reserved 1048576K
}
Event: 25.969 GC heap after
{Heap after GC invocations=194 (full 3):
 PSYoungGen      total 7680K, used 1875K [0x00000000d5580000, 0x00000000d5f80000, 0x0000000100000000)
  eden space 5632K, 0% used [0x00000000d5580000,0x00000000d5580000,0x00000000d5b00000)
  from space 2048K, 91% used [0x00000000d5b00000,0x00000000d5cd4db0,0x00000000d5d00000)
  to   space 2048K, 0% used [0x00000000d5d80000,0x00000000d5d80000,0x00000000d5f80000)
 ParOldGen       total 316416K, used 316346K [0x0000000080000000, 0x0000000093500000, 0x00000000d5580000)
  object space 316416K, 99% used [0x0000000080000000,0x00000000934eeb70,0x0000000093500000)
 Metaspace       used 70369K, committed 71872K, reserved 1114112K
  class space    used 8716K, committed 9408K, reserved 1048576K
}
Event: 25.973 GC heap before
{Heap before GC invocations=195 (full 3):
 PSYoungGen      total 7680K, used 7461K [0x00000000d5580000, 0x00000000d5f80000, 0x0000000100000000)
  eden space 5632K, 99% used [0x00000000d5580000,0x00000000d5af4980,0x00000000d5b00000)
  from space 2048K, 91% used [0x00000000d5b00000,0x00000000d5cd4db0,0x00000000d5d00000)
  to   space 2048K, 0% used [0x00000000d5d80000,0x00000000d5d80000,0x00000000d5f80000)
 ParOldGen       total 316416K, used 316346K [0x0000000080000000, 0x0000000093500000, 0x00000000d5580000)
  object space 316416K, 99% used [0x0000000080000000,0x00000000934eeb70,0x0000000093500000)
 Metaspace       used 70385K, committed 71872K, reserved 1114112K
  class space    used 8716K, committed 9408K, reserved 1048576K
}
Event: 25.975 GC heap after
{Heap after GC invocations=195 (full 3):
 PSYoungGen      total 7680K, used 2027K [0x00000000d5580000, 0x00000000d6180000, 0x0000000100000000)
  eden space 5632K, 0% used [0x00000000d5580000,0x00000000d5580000,0x00000000d5b00000)
  from space 2048K, 99% used [0x00000000d5d80000,0x00000000d5f7aea8,0x00000000d5f80000)
  to   space 2560K, 0% used [0x00000000d5b00000,0x00000000d5b00000,0x00000000d5d80000)
 ParOldGen       total 318464K, used 318439K [0x0000000080000000, 0x0000000093700000, 0x00000000d5580000)
  object space 318464K, 99% used [0x0000000080000000,0x00000000936f9df8,0x0000000093700000)
 Metaspace       used 70385K, committed 71872K, reserved 1114112K
  class space    used 8716K, committed 9408K, reserved 1048576K
}
Event: 25.981 GC heap before
{Heap before GC invocations=196 (full 3):
 PSYoungGen      total 7680K, used 7659K [0x00000000d5580000, 0x00000000d6180000, 0x0000000100000000)
  eden space 5632K, 100% used [0x00000000d5580000,0x00000000d5b00000,0x00000000d5b00000)
  from space 2048K, 99% used [0x00000000d5d80000,0x00000000d5f7aea8,0x00000000d5f80000)
  to   space 2560K, 0% used [0x00000000d5b00000,0x00000000d5b00000,0x00000000d5d80000)
 ParOldGen       total 318464K, used 318439K [0x0000000080000000, 0x0000000093700000, 0x00000000d5580000)
  object space 318464K, 99% used [0x0000000080000000,0x00000000936f9df8,0x0000000093700000)
 Metaspace       used 70405K, committed 71936K, reserved 1114112K
  class space    used 8717K, committed 9408K, reserved 1048576K
}
Event: 25.982 GC heap after
{Heap after GC invocations=196 (full 3):
 PSYoungGen      total 8192K, used 2317K [0x00000000d5580000, 0x00000000d6180000, 0x0000000100000000)
  eden space 5632K, 0% used [0x00000000d5580000,0x00000000d5580000,0x00000000d5b00000)
  from space 2560K, 90% used [0x00000000d5b00000,0x00000000d5d437a0,0x00000000d5d80000)
  to   space 2560K, 0% used [0x00000000d5f00000,0x00000000d5f00000,0x00000000d6180000)
 ParOldGen       total 320512K, used 320273K [0x0000000080000000, 0x0000000093900000, 0x00000000d5580000)
  object space 320512K, 99% used [0x0000000080000000,0x00000000938c4578,0x0000000093900000)
 Metaspace       used 70405K, committed 71936K, reserved 1114112K
  class space    used 8717K, committed 9408K, reserved 1048576K
}
Event: 25.988 GC heap before
{Heap before GC invocations=197 (full 3):
 PSYoungGen      total 8192K, used 7949K [0x00000000d5580000, 0x00000000d6180000, 0x0000000100000000)
  eden space 5632K, 100% used [0x00000000d5580000,0x00000000d5b00000,0x00000000d5b00000)
  from space 2560K, 90% used [0x00000000d5b00000,0x00000000d5d437a0,0x00000000d5d80000)
  to   space 2560K, 0% used [0x00000000d5f00000,0x00000000d5f00000,0x00000000d6180000)
 ParOldGen       total 320512K, used 320273K [0x0000000080000000, 0x0000000093900000, 0x00000000d5580000)
  object space 320512K, 99% used [0x0000000080000000,0x00000000938c4578,0x0000000093900000)
 Metaspace       used 70405K, committed 71936K, reserved 1114112K
  class space    used 8717K, committed 9408K, reserved 1048576K
}

